{"C:\\Users\\amaterasu\\Documents\\reactApps\\Modsen Art Museum\\src\\App.tsx": {"path":"C:\\Users\\amaterasu\\Documents\\reactApps\\Modsen Art Museum\\src\\App.tsx","statementMap":{"0":{"start":{"line":1,"column":0},"end":{"line":1,"column":34}},"1":{"start":{"line":2,"column":0},"end":{"line":2,"column":49}},"2":{"start":{"line":3,"column":0},"end":{"line":3,"column":46}},"3":{"start":{"line":4,"column":0},"end":{"line":4,"column":57}},"4":{"start":{"line":5,"column":0},"end":{"line":5,"column":49}},"5":{"start":{"line":6,"column":0},"end":{"line":6,"column":68}},"6":{"start":{"line":7,"column":0},"end":{"line":7,"column":45}},"7":{"start":{"line":8,"column":0},"end":{"line":8,"column":45}},"8":{"start":{"line":9,"column":0},"end":{"line":9,"column":54}},"9":{"start":{"line":10,"column":0},"end":{"line":10,"column":64}},"10":{"start":{"line":11,"column":0},"end":{"line":11,"column":47}},"11":{"start":{"line":12,"column":0},"end":{"line":12,"column":57}},"12":{"start":{"line":14,"column":19},"end":{"line":14,"column":35}},"13":{"start":{"line":15,"column":2},"end":{"line":17,"column":9}},"14":{"start":{"line":16,"column":4},"end":{"line":16,"column":52}},"15":{"start":{"line":18,"column":2},"end":{"line":30,"column":4}},"16":{"start":{"line":33,"column":0},"end":{"line":33,"column":19}}},"fnMap":{"0":{"name":"App","decl":{"start":{"line":13,"column":9},"end":{"line":13,"column":12}},"loc":{"start":{"line":13,"column":12},"end":{"line":31,"column":1}}},"1":{"name":"(anonymous_1)","decl":{"start":{"line":15,"column":12},"end":{"line":15,"column":15}},"loc":{"start":{"line":15,"column":17},"end":{"line":17,"column":3}}}},"branchMap":{},"s":{"0":1,"1":1,"2":1,"3":1,"4":1,"5":1,"6":1,"7":1,"8":1,"9":1,"10":1,"11":1,"12":2,"13":1,"14":1,"15":1,"16":1},"f":{"0":2,"1":1},"b":{}}
,"C:\\Users\\amaterasu\\Documents\\reactApps\\Modsen Art Museum\\src\\Pages\\Art\\artPage.tsx": {"path":"C:\\Users\\amaterasu\\Documents\\reactApps\\Modsen Art Museum\\src\\Pages\\Art\\artPage.tsx","statementMap":{"0":{"start":{"line":1,"column":0},"end":{"line":1,"column":54}},"1":{"start":{"line":2,"column":0},"end":{"line":2,"column":54}},"2":{"start":{"line":3,"column":0},"end":{"line":3,"column":64}},"3":{"start":{"line":4,"column":0},"end":{"line":4,"column":61}},"4":{"start":{"line":6,"column":0},"end":{"line":6,"column":42}},"5":{"start":{"line":7,"column":0},"end":{"line":7,"column":null}},"6":{"start":{"line":21,"column":27},"end":{"line":69,"column":1}},"7":{"start":{"line":22,"column":15},"end":{"line":22,"column":35}},"8":{"start":{"line":23,"column":21},"end":{"line":23,"column":41}},"9":{"start":{"line":24,"column":2},"end":{"line":68,"column":4}},"10":{"start":{"line":21,"column":13},"end":{"line":21,"column":27}}},"fnMap":{"0":{"name":"(anonymous_0)","decl":{"start":{"line":21,"column":27},"end":{"line":21,"column":30}},"loc":{"start":{"line":21,"column":32},"end":{"line":69,"column":1}}}},"branchMap":{"0":{"loc":{"start":{"line":40,"column":13},"end":{"line":40,"column":63}},"type":"cond-expr","locations":[{"start":{"line":40,"column":34},"end":{"line":40,"column":51}},{"start":{"line":40,"column":54},"end":{"line":40,"column":63}}]},"1":{"loc":{"start":{"line":64,"column":24},"end":{"line":64,"column":65}},"type":"cond-expr","locations":[{"start":{"line":64,"column":45},"end":{"line":64,"column":53}},{"start":{"line":64,"column":56},"end":{"line":64,"column":65}}]}},"s":{"0":1,"1":1,"2":1,"3":1,"4":1,"5":1,"6":1,"7":0,"8":0,"9":0,"10":1},"f":{"0":0},"b":{"0":[0,0],"1":[0,0]}}
,"C:\\Users\\amaterasu\\Documents\\reactApps\\Modsen Art Museum\\src\\Pages\\Art\\styled.ts": {"path":"C:\\Users\\amaterasu\\Documents\\reactApps\\Modsen Art Museum\\src\\Pages\\Art\\styled.ts","statementMap":{"0":{"start":{"line":1,"column":0},"end":{"line":1,"column":39}},"1":{"start":{"line":2,"column":0},"end":{"line":2,"column":65}},"2":{"start":{"line":4,"column":13},"end":{"line":15,"column":2}},"3":{"start":{"line":6,"column":34},"end":{"line":6,"column":50}},"4":{"start":{"line":7,"column":24},"end":{"line":7,"column":37}},"5":{"start":{"line":9,"column":38},"end":{"line":9,"column":58}},"6":{"start":{"line":16,"column":13},"end":{"line":37,"column":2}},"7":{"start":{"line":19,"column":38},"end":{"line":19,"column":58}},"8":{"start":{"line":25,"column":38},"end":{"line":25,"column":58}},"9":{"start":{"line":31,"column":38},"end":{"line":31,"column":58}},"10":{"start":{"line":38,"column":13},"end":{"line":57,"column":2}},"11":{"start":{"line":41,"column":38},"end":{"line":41,"column":58}},"12":{"start":{"line":46,"column":38},"end":{"line":46,"column":58}},"13":{"start":{"line":51,"column":38},"end":{"line":51,"column":58}},"14":{"start":{"line":53,"column":35},"end":{"line":53,"column":51}},"15":{"start":{"line":58,"column":13},"end":{"line":62,"column":2}},"16":{"start":{"line":63,"column":13},"end":{"line":69,"column":2}},"17":{"start":{"line":65,"column":26},"end":{"line":65,"column":49}},"18":{"start":{"line":66,"column":32},"end":{"line":66,"column":52}},"19":{"start":{"line":67,"column":30},"end":{"line":67,"column":48}},"20":{"start":{"line":68,"column":34},"end":{"line":68,"column":50}},"21":{"start":{"line":70,"column":13},"end":{"line":80,"column":2}},"22":{"start":{"line":72,"column":32},"end":{"line":72,"column":52}},"23":{"start":{"line":73,"column":32},"end":{"line":73,"column":52}},"24":{"start":{"line":74,"column":30},"end":{"line":74,"column":48}},"25":{"start":{"line":75,"column":38},"end":{"line":75,"column":58}},"26":{"start":{"line":77,"column":38},"end":{"line":77,"column":54}},"27":{"start":{"line":81,"column":13},"end":{"line":97,"column":2}},"28":{"start":{"line":82,"column":26},"end":{"line":82,"column":49}},"29":{"start":{"line":87,"column":38},"end":{"line":87,"column":58}},"30":{"start":{"line":92,"column":38},"end":{"line":92,"column":58}},"31":{"start":{"line":98,"column":13},"end":{"line":98,"column":46}},"32":{"start":{"line":99,"column":13},"end":{"line":99,"column":43}},"33":{"start":{"line":100,"column":13},"end":{"line":100,"column":41}},"34":{"start":{"line":101,"column":13},"end":{"line":121,"column":2}},"35":{"start":{"line":102,"column":34},"end":{"line":102,"column":50}},"36":{"start":{"line":103,"column":32},"end":{"line":103,"column":52}},"37":{"start":{"line":104,"column":30},"end":{"line":104,"column":48}},"38":{"start":{"line":105,"column":32},"end":{"line":105,"column":52}},"39":{"start":{"line":110,"column":38},"end":{"line":110,"column":58}},"40":{"start":{"line":112,"column":34},"end":{"line":112,"column":52}},"41":{"start":{"line":115,"column":38},"end":{"line":115,"column":58}},"42":{"start":{"line":122,"column":13},"end":{"line":136,"column":2}},"43":{"start":{"line":124,"column":32},"end":{"line":124,"column":52}},"44":{"start":{"line":125,"column":26},"end":{"line":125,"column":49}},"45":{"start":{"line":126,"column":30},"end":{"line":126,"column":48}},"46":{"start":{"line":127,"column":32},"end":{"line":127,"column":52}},"47":{"start":{"line":128,"column":34},"end":{"line":128,"column":50}},"48":{"start":{"line":131,"column":28},"end":{"line":131,"column":51}}},"fnMap":{"0":{"name":"(anonymous_0)","decl":{"start":{"line":6,"column":19},"end":{"line":6,"column":20}},"loc":{"start":{"line":6,"column":34},"end":{"line":6,"column":50}}},"1":{"name":"(anonymous_1)","decl":{"start":{"line":7,"column":9},"end":{"line":7,"column":10}},"loc":{"start":{"line":7,"column":24},"end":{"line":7,"column":37}}},"2":{"name":"(anonymous_2)","decl":{"start":{"line":9,"column":23},"end":{"line":9,"column":24}},"loc":{"start":{"line":9,"column":38},"end":{"line":9,"column":58}}},"3":{"name":"(anonymous_3)","decl":{"start":{"line":19,"column":23},"end":{"line":19,"column":24}},"loc":{"start":{"line":19,"column":38},"end":{"line":19,"column":58}}},"4":{"name":"(anonymous_4)","decl":{"start":{"line":25,"column":23},"end":{"line":25,"column":24}},"loc":{"start":{"line":25,"column":38},"end":{"line":25,"column":58}}},"5":{"name":"(anonymous_5)","decl":{"start":{"line":31,"column":23},"end":{"line":31,"column":24}},"loc":{"start":{"line":31,"column":38},"end":{"line":31,"column":58}}},"6":{"name":"(anonymous_6)","decl":{"start":{"line":41,"column":23},"end":{"line":41,"column":24}},"loc":{"start":{"line":41,"column":38},"end":{"line":41,"column":58}}},"7":{"name":"(anonymous_7)","decl":{"start":{"line":46,"column":23},"end":{"line":46,"column":24}},"loc":{"start":{"line":46,"column":38},"end":{"line":46,"column":58}}},"8":{"name":"(anonymous_8)","decl":{"start":{"line":51,"column":23},"end":{"line":51,"column":24}},"loc":{"start":{"line":51,"column":38},"end":{"line":51,"column":58}}},"9":{"name":"(anonymous_9)","decl":{"start":{"line":53,"column":20},"end":{"line":53,"column":21}},"loc":{"start":{"line":53,"column":35},"end":{"line":53,"column":51}}},"10":{"name":"(anonymous_10)","decl":{"start":{"line":65,"column":11},"end":{"line":65,"column":12}},"loc":{"start":{"line":65,"column":26},"end":{"line":65,"column":49}}},"11":{"name":"(anonymous_11)","decl":{"start":{"line":66,"column":17},"end":{"line":66,"column":18}},"loc":{"start":{"line":66,"column":32},"end":{"line":66,"column":52}}},"12":{"name":"(anonymous_12)","decl":{"start":{"line":67,"column":15},"end":{"line":67,"column":16}},"loc":{"start":{"line":67,"column":30},"end":{"line":67,"column":48}}},"13":{"name":"(anonymous_13)","decl":{"start":{"line":68,"column":19},"end":{"line":68,"column":20}},"loc":{"start":{"line":68,"column":34},"end":{"line":68,"column":50}}},"14":{"name":"(anonymous_14)","decl":{"start":{"line":72,"column":17},"end":{"line":72,"column":18}},"loc":{"start":{"line":72,"column":32},"end":{"line":72,"column":52}}},"15":{"name":"(anonymous_15)","decl":{"start":{"line":73,"column":17},"end":{"line":73,"column":18}},"loc":{"start":{"line":73,"column":32},"end":{"line":73,"column":52}}},"16":{"name":"(anonymous_16)","decl":{"start":{"line":74,"column":15},"end":{"line":74,"column":16}},"loc":{"start":{"line":74,"column":30},"end":{"line":74,"column":48}}},"17":{"name":"(anonymous_17)","decl":{"start":{"line":75,"column":23},"end":{"line":75,"column":24}},"loc":{"start":{"line":75,"column":38},"end":{"line":75,"column":58}}},"18":{"name":"(anonymous_18)","decl":{"start":{"line":77,"column":23},"end":{"line":77,"column":24}},"loc":{"start":{"line":77,"column":38},"end":{"line":77,"column":54}}},"19":{"name":"(anonymous_19)","decl":{"start":{"line":82,"column":11},"end":{"line":82,"column":12}},"loc":{"start":{"line":82,"column":26},"end":{"line":82,"column":49}}},"20":{"name":"(anonymous_20)","decl":{"start":{"line":87,"column":23},"end":{"line":87,"column":24}},"loc":{"start":{"line":87,"column":38},"end":{"line":87,"column":58}}},"21":{"name":"(anonymous_21)","decl":{"start":{"line":92,"column":23},"end":{"line":92,"column":24}},"loc":{"start":{"line":92,"column":38},"end":{"line":92,"column":58}}},"22":{"name":"(anonymous_22)","decl":{"start":{"line":102,"column":19},"end":{"line":102,"column":20}},"loc":{"start":{"line":102,"column":34},"end":{"line":102,"column":50}}},"23":{"name":"(anonymous_23)","decl":{"start":{"line":103,"column":17},"end":{"line":103,"column":18}},"loc":{"start":{"line":103,"column":32},"end":{"line":103,"column":52}}},"24":{"name":"(anonymous_24)","decl":{"start":{"line":104,"column":15},"end":{"line":104,"column":16}},"loc":{"start":{"line":104,"column":30},"end":{"line":104,"column":48}}},"25":{"name":"(anonymous_25)","decl":{"start":{"line":105,"column":17},"end":{"line":105,"column":18}},"loc":{"start":{"line":105,"column":32},"end":{"line":105,"column":52}}},"26":{"name":"(anonymous_26)","decl":{"start":{"line":110,"column":23},"end":{"line":110,"column":24}},"loc":{"start":{"line":110,"column":38},"end":{"line":110,"column":58}}},"27":{"name":"(anonymous_27)","decl":{"start":{"line":112,"column":19},"end":{"line":112,"column":20}},"loc":{"start":{"line":112,"column":34},"end":{"line":112,"column":52}}},"28":{"name":"(anonymous_28)","decl":{"start":{"line":115,"column":23},"end":{"line":115,"column":24}},"loc":{"start":{"line":115,"column":38},"end":{"line":115,"column":58}}},"29":{"name":"(anonymous_29)","decl":{"start":{"line":124,"column":17},"end":{"line":124,"column":18}},"loc":{"start":{"line":124,"column":32},"end":{"line":124,"column":52}}},"30":{"name":"(anonymous_30)","decl":{"start":{"line":125,"column":11},"end":{"line":125,"column":12}},"loc":{"start":{"line":125,"column":26},"end":{"line":125,"column":49}}},"31":{"name":"(anonymous_31)","decl":{"start":{"line":126,"column":15},"end":{"line":126,"column":16}},"loc":{"start":{"line":126,"column":30},"end":{"line":126,"column":48}}},"32":{"name":"(anonymous_32)","decl":{"start":{"line":127,"column":17},"end":{"line":127,"column":18}},"loc":{"start":{"line":127,"column":32},"end":{"line":127,"column":52}}},"33":{"name":"(anonymous_33)","decl":{"start":{"line":128,"column":19},"end":{"line":128,"column":20}},"loc":{"start":{"line":128,"column":34},"end":{"line":128,"column":50}}},"34":{"name":"(anonymous_34)","decl":{"start":{"line":131,"column":13},"end":{"line":131,"column":14}},"loc":{"start":{"line":131,"column":28},"end":{"line":131,"column":51}}}},"branchMap":{},"s":{"0":1,"1":1,"2":1,"3":0,"4":0,"5":0,"6":1,"7":0,"8":0,"9":0,"10":1,"11":0,"12":0,"13":0,"14":0,"15":1,"16":1,"17":0,"18":0,"19":0,"20":0,"21":1,"22":0,"23":0,"24":0,"25":0,"26":0,"27":1,"28":0,"29":0,"30":0,"31":1,"32":1,"33":1,"34":1,"35":0,"36":0,"37":0,"38":0,"39":0,"40":0,"41":0,"42":1,"43":0,"44":0,"45":0,"46":0,"47":0,"48":0},"f":{"0":0,"1":0,"2":0,"3":0,"4":0,"5":0,"6":0,"7":0,"8":0,"9":0,"10":0,"11":0,"12":0,"13":0,"14":0,"15":0,"16":0,"17":0,"18":0,"19":0,"20":0,"21":0,"22":0,"23":0,"24":0,"25":0,"26":0,"27":0,"28":0,"29":0,"30":0,"31":0,"32":0,"33":0,"34":0},"b":{}}
,"C:\\Users\\amaterasu\\Documents\\reactApps\\Modsen Art Museum\\src\\Pages\\Favorite\\favorite.tsx": {"path":"C:\\Users\\amaterasu\\Documents\\reactApps\\Modsen Art Museum\\src\\Pages\\Favorite\\favorite.tsx","statementMap":{"0":{"start":{"line":1,"column":0},"end":{"line":1,"column":76}},"1":{"start":{"line":3,"column":0},"end":{"line":3,"column":42}},"2":{"start":{"line":5,"column":0},"end":{"line":5,"column":57}},"3":{"start":{"line":6,"column":0},"end":{"line":6,"column":79}},"4":{"start":{"line":7,"column":0},"end":{"line":7,"column":48}},"5":{"start":{"line":8,"column":0},"end":{"line":8,"column":61}},"6":{"start":{"line":9,"column":0},"end":{"line":9,"column":null}},"7":{"start":{"line":16,"column":32},"end":{"line":46,"column":1}},"8":{"start":{"line":17,"column":15},"end":{"line":17,"column":35}},"9":{"start":{"line":18,"column":2},"end":{"line":45,"column":4}},"10":{"start":{"line":31,"column":12},"end":{"line":31,"column":40}},"11":{"start":{"line":16,"column":13},"end":{"line":16,"column":32}}},"fnMap":{"0":{"name":"(anonymous_0)","decl":{"start":{"line":16,"column":32},"end":{"line":16,"column":35}},"loc":{"start":{"line":16,"column":37},"end":{"line":46,"column":1}}},"1":{"name":"(anonymous_1)","decl":{"start":{"line":30,"column":20},"end":{"line":30,"column":21}},"loc":{"start":{"line":31,"column":12},"end":{"line":31,"column":40}}}},"branchMap":{"0":{"loc":{"start":{"line":28,"column":7},"end":{"line":42,"column":null}},"type":"cond-expr","locations":[{"start":{"line":29,"column":8},"end":{"line":32,"column":null}},{"start":{"line":35,"column":8},"end":{"line":41,"column":null}}]}},"s":{"0":1,"1":1,"2":1,"3":1,"4":1,"5":1,"6":1,"7":1,"8":0,"9":0,"10":0,"11":1},"f":{"0":0,"1":0},"b":{"0":[0,0]}}
,"C:\\Users\\amaterasu\\Documents\\reactApps\\Modsen Art Museum\\src\\Pages\\Favorite\\styled.ts": {"path":"C:\\Users\\amaterasu\\Documents\\reactApps\\Modsen Art Museum\\src\\Pages\\Favorite\\styled.ts","statementMap":{"0":{"start":{"line":1,"column":0},"end":{"line":1,"column":39}},"1":{"start":{"line":3,"column":13},"end":{"line":7,"column":2}},"2":{"start":{"line":8,"column":13},"end":{"line":13,"column":2}},"3":{"start":{"line":14,"column":13},"end":{"line":17,"column":2}},"4":{"start":{"line":15,"column":30},"end":{"line":15,"column":48}},"5":{"start":{"line":16,"column":34},"end":{"line":16,"column":50}},"6":{"start":{"line":18,"column":13},"end":{"line":20,"column":2}},"7":{"start":{"line":19,"column":34},"end":{"line":19,"column":50}}},"fnMap":{"0":{"name":"(anonymous_0)","decl":{"start":{"line":15,"column":15},"end":{"line":15,"column":16}},"loc":{"start":{"line":15,"column":30},"end":{"line":15,"column":48}}},"1":{"name":"(anonymous_1)","decl":{"start":{"line":16,"column":19},"end":{"line":16,"column":20}},"loc":{"start":{"line":16,"column":34},"end":{"line":16,"column":50}}},"2":{"name":"(anonymous_2)","decl":{"start":{"line":19,"column":19},"end":{"line":19,"column":20}},"loc":{"start":{"line":19,"column":34},"end":{"line":19,"column":50}}}},"branchMap":{},"s":{"0":1,"1":1,"2":1,"3":1,"4":0,"5":0,"6":1,"7":0},"f":{"0":0,"1":0,"2":0},"b":{}}
,"C:\\Users\\amaterasu\\Documents\\reactApps\\Modsen Art Museum\\src\\Pages\\Main\\MainPage.tsx": {"path":"C:\\Users\\amaterasu\\Documents\\reactApps\\Modsen Art Museum\\src\\Pages\\Main\\MainPage.tsx","statementMap":{"0":{"start":{"line":1,"column":0},"end":{"line":1,"column":59}},"1":{"start":{"line":2,"column":0},"end":{"line":2,"column":47}},"2":{"start":{"line":3,"column":0},"end":{"line":3,"column":64}},"3":{"start":{"line":4,"column":0},"end":{"line":4,"column":52}},"4":{"start":{"line":5,"column":0},"end":{"line":5,"column":59}},"5":{"start":{"line":6,"column":0},"end":{"line":6,"column":43}},"6":{"start":{"line":7,"column":0},"end":{"line":7,"column":48}},"7":{"start":{"line":10,"column":28},"end":{"line":24,"column":1}},"8":{"start":{"line":11,"column":2},"end":{"line":23,"column":4}},"9":{"start":{"line":10,"column":13},"end":{"line":10,"column":28}}},"fnMap":{"0":{"name":"(anonymous_0)","decl":{"start":{"line":10,"column":28},"end":{"line":10,"column":31}},"loc":{"start":{"line":10,"column":33},"end":{"line":24,"column":1}}}},"branchMap":{},"s":{"0":1,"1":1,"2":1,"3":1,"4":1,"5":1,"6":1,"7":1,"8":2,"9":1},"f":{"0":2},"b":{}}
,"C:\\Users\\amaterasu\\Documents\\reactApps\\Modsen Art Museum\\src\\components\\CardArt\\index.tsx": {"path":"C:\\Users\\amaterasu\\Documents\\reactApps\\Modsen Art Museum\\src\\components\\CardArt\\index.tsx","statementMap":{"0":{"start":{"line":1,"column":0},"end":{"line":1,"column":70}},"1":{"start":{"line":3,"column":0},"end":{"line":3,"column":63}},"2":{"start":{"line":4,"column":0},"end":{"line":4,"column":61}},"3":{"start":{"line":5,"column":0},"end":{"line":5,"column":63}},"4":{"start":{"line":6,"column":0},"end":{"line":6,"column":70}},"5":{"start":{"line":7,"column":0},"end":{"line":7,"column":57}},"6":{"start":{"line":8,"column":0},"end":{"line":8,"column":48}},"7":{"start":{"line":9,"column":0},"end":{"line":9,"column":47}},"8":{"start":{"line":10,"column":0},"end":{"line":10,"column":null}},"9":{"start":{"line":22,"column":39},"end":{"line":107,"column":1}},"10":{"start":{"line":34,"column":15},"end":{"line":34,"column":38}},"11":{"start":{"line":35,"column":28},"end":{"line":35,"column":61}},"12":{"start":{"line":36,"column":19},"end":{"line":36,"column":35}},"13":{"start":{"line":37,"column":19},"end":{"line":37,"column":32}},"14":{"start":{"line":38,"column":21},"end":{"line":42,"column":3}},"15":{"start":{"line":38,"column":42},"end":{"line":42,"column":3}},"16":{"start":{"line":39,"column":4},"end":{"line":39,"column":35}},"17":{"start":{"line":40,"column":4},"end":{"line":40,"column":33}},"18":{"start":{"line":41,"column":4},"end":{"line":41,"column":28}},"19":{"start":{"line":43,"column":27},"end":{"line":55,"column":3}},"20":{"start":{"line":43,"column":48},"end":{"line":55,"column":3}},"21":{"start":{"line":44,"column":4},"end":{"line":44,"column":30}},"22":{"start":{"line":44,"column":23},"end":{"line":44,"column":28}},"23":{"start":{"line":45,"column":4},"end":{"line":54,"column":5}},"24":{"start":{"line":46,"column":6},"end":{"line":46,"column":42}},"25":{"start":{"line":47,"column":6},"end":{"line":47,"column":34}},"26":{"start":{"line":49,"column":6},"end":{"line":52,"column":8}},"27":{"start":{"line":53,"column":6},"end":{"line":53,"column":52}},"28":{"start":{"line":57,"column":2},"end":{"line":61,"column":13}},"29":{"start":{"line":58,"column":16},"end":{"line":58,"column":40}},"30":{"start":{"line":59,"column":4},"end":{"line":59,"column":21}},"31":{"start":{"line":59,"column":14},"end":{"line":59,"column":21}},"32":{"start":{"line":60,"column":4},"end":{"line":60,"column":24}},"33":{"start":{"line":62,"column":2},"end":{"line":106,"column":4}},"34":{"start":{"line":22,"column":13},"end":{"line":22,"column":39}}},"fnMap":{"0":{"name":"(anonymous_0)","decl":{"start":{"line":22,"column":39},"end":{"line":22,"column":40}},"loc":{"start":{"line":33,"column":5},"end":{"line":107,"column":1}}},"1":{"name":"(anonymous_1)","decl":{"start":{"line":38,"column":21},"end":{"line":38,"column":22}},"loc":{"start":{"line":38,"column":42},"end":{"line":42,"column":3}}},"2":{"name":"(anonymous_2)","decl":{"start":{"line":38,"column":42},"end":{"line":38,"column":45}},"loc":{"start":{"line":38,"column":47},"end":{"line":42,"column":3}}},"3":{"name":"(anonymous_3)","decl":{"start":{"line":43,"column":27},"end":{"line":43,"column":28}},"loc":{"start":{"line":43,"column":48},"end":{"line":55,"column":3}}},"4":{"name":"(anonymous_4)","decl":{"start":{"line":43,"column":48},"end":{"line":43,"column":51}},"loc":{"start":{"line":43,"column":53},"end":{"line":55,"column":3}}},"5":{"name":"(anonymous_5)","decl":{"start":{"line":44,"column":13},"end":{"line":44,"column":14}},"loc":{"start":{"line":44,"column":23},"end":{"line":44,"column":28}}},"6":{"name":"(anonymous_6)","decl":{"start":{"line":57,"column":12},"end":{"line":57,"column":15}},"loc":{"start":{"line":57,"column":17},"end":{"line":61,"column":3}}}},"branchMap":{"0":{"loc":{"start":{"line":45,"column":4},"end":{"line":54,"column":5}},"type":"if","locations":[{"start":{"line":45,"column":4},"end":{"line":54,"column":5}},{"start":{"line":48,"column":11},"end":{"line":54,"column":5}}]},"1":{"loc":{"start":{"line":59,"column":4},"end":{"line":59,"column":21}},"type":"if","locations":[{"start":{"line":59,"column":4},"end":{"line":59,"column":21}}]},"2":{"loc":{"start":{"line":83,"column":23},"end":{"line":83,"column":59}},"type":"cond-expr","locations":[{"start":{"line":83,"column":41},"end":{"line":83,"column":47}},{"start":{"line":83,"column":50},"end":{"line":83,"column":59}}]},"3":{"loc":{"start":{"line":85,"column":23},"end":{"line":85,"column":52}},"type":"cond-expr","locations":[{"start":{"line":85,"column":32},"end":{"line":85,"column":40}},{"start":{"line":85,"column":43},"end":{"line":85,"column":52}}]}},"s":{"0":1,"1":1,"2":1,"3":1,"4":1,"5":1,"6":1,"7":1,"8":1,"9":1,"10":0,"11":0,"12":0,"13":0,"14":0,"15":0,"16":0,"17":0,"18":0,"19":0,"20":0,"21":0,"22":0,"23":0,"24":0,"25":0,"26":0,"27":0,"28":0,"29":0,"30":0,"31":0,"32":0,"33":0,"34":1},"f":{"0":0,"1":0,"2":0,"3":0,"4":0,"5":0,"6":0},"b":{"0":[0,0],"1":[0],"2":[0,0],"3":[0,0]}}
,"C:\\Users\\amaterasu\\Documents\\reactApps\\Modsen Art Museum\\src\\components\\CardArt\\styled.ts": {"path":"C:\\Users\\amaterasu\\Documents\\reactApps\\Modsen Art Museum\\src\\components\\CardArt\\styled.ts","statementMap":{"0":{"start":{"line":1,"column":0},"end":{"line":1,"column":39}},"1":{"start":{"line":3,"column":13},"end":{"line":18,"column":2}},"2":{"start":{"line":12,"column":38},"end":{"line":12,"column":58}},"3":{"start":{"line":19,"column":13},"end":{"line":27,"column":2}},"4":{"start":{"line":20,"column":32},"end":{"line":20,"column":52}},"5":{"start":{"line":21,"column":30},"end":{"line":21,"column":48}},"6":{"start":{"line":22,"column":32},"end":{"line":22,"column":52}},"7":{"start":{"line":28,"column":13},"end":{"line":34,"column":2}},"8":{"start":{"line":29,"column":26},"end":{"line":29,"column":49}},"9":{"start":{"line":30,"column":32},"end":{"line":30,"column":52}},"10":{"start":{"line":31,"column":30},"end":{"line":31,"column":48}},"11":{"start":{"line":32,"column":32},"end":{"line":32,"column":52}},"12":{"start":{"line":35,"column":13},"end":{"line":41,"column":2}},"13":{"start":{"line":42,"column":13},"end":{"line":49,"column":2}},"14":{"start":{"line":44,"column":31},"end":{"line":44,"column":47}},"15":{"start":{"line":45,"column":32},"end":{"line":45,"column":52}},"16":{"start":{"line":46,"column":30},"end":{"line":46,"column":48}},"17":{"start":{"line":47,"column":32},"end":{"line":47,"column":52}},"18":{"start":{"line":50,"column":13},"end":{"line":55,"column":2}},"19":{"start":{"line":52,"column":26},"end":{"line":52,"column":47}},"20":{"start":{"line":56,"column":13},"end":{"line":56,"column":43}},"21":{"start":{"line":57,"column":13},"end":{"line":67,"column":2}},"22":{"start":{"line":61,"column":28},"end":{"line":61,"column":45}},"23":{"start":{"line":62,"column":21},"end":{"line":62,"column":38}},"24":{"start":{"line":63,"column":31},"end":{"line":63,"column":52}},"25":{"start":{"line":68,"column":13},"end":{"line":79,"column":2}},"26":{"start":{"line":78,"column":4},"end":{"line":78,"column":70}},"27":{"start":{"line":80,"column":13},"end":{"line":83,"column":2}}},"fnMap":{"0":{"name":"(anonymous_0)","decl":{"start":{"line":12,"column":23},"end":{"line":12,"column":24}},"loc":{"start":{"line":12,"column":38},"end":{"line":12,"column":58}}},"1":{"name":"(anonymous_1)","decl":{"start":{"line":20,"column":17},"end":{"line":20,"column":18}},"loc":{"start":{"line":20,"column":32},"end":{"line":20,"column":52}}},"2":{"name":"(anonymous_2)","decl":{"start":{"line":21,"column":15},"end":{"line":21,"column":16}},"loc":{"start":{"line":21,"column":30},"end":{"line":21,"column":48}}},"3":{"name":"(anonymous_3)","decl":{"start":{"line":22,"column":17},"end":{"line":22,"column":18}},"loc":{"start":{"line":22,"column":32},"end":{"line":22,"column":52}}},"4":{"name":"(anonymous_4)","decl":{"start":{"line":29,"column":11},"end":{"line":29,"column":12}},"loc":{"start":{"line":29,"column":26},"end":{"line":29,"column":49}}},"5":{"name":"(anonymous_5)","decl":{"start":{"line":30,"column":17},"end":{"line":30,"column":18}},"loc":{"start":{"line":30,"column":32},"end":{"line":30,"column":52}}},"6":{"name":"(anonymous_6)","decl":{"start":{"line":31,"column":15},"end":{"line":31,"column":16}},"loc":{"start":{"line":31,"column":30},"end":{"line":31,"column":48}}},"7":{"name":"(anonymous_7)","decl":{"start":{"line":32,"column":17},"end":{"line":32,"column":18}},"loc":{"start":{"line":32,"column":32},"end":{"line":32,"column":52}}},"8":{"name":"(anonymous_8)","decl":{"start":{"line":44,"column":16},"end":{"line":44,"column":17}},"loc":{"start":{"line":44,"column":31},"end":{"line":44,"column":47}}},"9":{"name":"(anonymous_9)","decl":{"start":{"line":45,"column":17},"end":{"line":45,"column":18}},"loc":{"start":{"line":45,"column":32},"end":{"line":45,"column":52}}},"10":{"name":"(anonymous_10)","decl":{"start":{"line":46,"column":15},"end":{"line":46,"column":16}},"loc":{"start":{"line":46,"column":30},"end":{"line":46,"column":48}}},"11":{"name":"(anonymous_11)","decl":{"start":{"line":47,"column":17},"end":{"line":47,"column":18}},"loc":{"start":{"line":47,"column":32},"end":{"line":47,"column":52}}},"12":{"name":"(anonymous_12)","decl":{"start":{"line":52,"column":11},"end":{"line":52,"column":12}},"loc":{"start":{"line":52,"column":26},"end":{"line":52,"column":47}}},"13":{"name":"(anonymous_13)","decl":{"start":{"line":61,"column":13},"end":{"line":61,"column":14}},"loc":{"start":{"line":61,"column":28},"end":{"line":61,"column":45}}},"14":{"name":"(anonymous_14)","decl":{"start":{"line":62,"column":6},"end":{"line":62,"column":7}},"loc":{"start":{"line":62,"column":21},"end":{"line":62,"column":38}}},"15":{"name":"(anonymous_15)","decl":{"start":{"line":63,"column":16},"end":{"line":63,"column":17}},"loc":{"start":{"line":63,"column":31},"end":{"line":63,"column":52}}},"16":{"name":"(anonymous_16)","decl":{"start":{"line":77,"column":22},"end":{"line":77,"column":23}},"loc":{"start":{"line":78,"column":4},"end":{"line":78,"column":70}}}},"branchMap":{"0":{"loc":{"start":{"line":78,"column":4},"end":{"line":78,"column":70}},"type":"cond-expr","locations":[{"start":{"line":78,"column":16},"end":{"line":78,"column":40}},{"start":{"line":78,"column":43},"end":{"line":78,"column":70}}]}},"s":{"0":1,"1":1,"2":0,"3":1,"4":0,"5":0,"6":0,"7":1,"8":0,"9":0,"10":0,"11":0,"12":1,"13":1,"14":0,"15":0,"16":0,"17":0,"18":1,"19":0,"20":1,"21":1,"22":0,"23":0,"24":0,"25":1,"26":0,"27":1},"f":{"0":0,"1":0,"2":0,"3":0,"4":0,"5":0,"6":0,"7":0,"8":0,"9":0,"10":0,"11":0,"12":0,"13":0,"14":0,"15":0,"16":0},"b":{"0":[0,0]}}
,"C:\\Users\\amaterasu\\Documents\\reactApps\\Modsen Art Museum\\src\\components\\ContentWrapper\\styled.ts": {"path":"C:\\Users\\amaterasu\\Documents\\reactApps\\Modsen Art Museum\\src\\components\\ContentWrapper\\styled.ts","statementMap":{"0":{"start":{"line":1,"column":0},"end":{"line":1,"column":39}},"1":{"start":{"line":3,"column":13},"end":{"line":7,"column":2}}},"fnMap":{},"branchMap":{},"s":{"0":1,"1":1},"f":{},"b":{}}
,"C:\\Users\\amaterasu\\Documents\\reactApps\\Modsen Art Museum\\src\\components\\ErrorBoundary\\index.tsx": {"path":"C:\\Users\\amaterasu\\Documents\\reactApps\\Modsen Art Museum\\src\\components\\ErrorBoundary\\index.tsx","statementMap":{"0":{"start":{"line":1,"column":0},"end":{"line":1,"column":34}},"1":{"start":{"line":9,"column":4},"end":{"line":9,"column":17}},"2":{"start":{"line":10,"column":4},"end":{"line":10,"column":67}},"3":{"start":{"line":14,"column":4},"end":{"line":18,"column":7}},"4":{"start":{"line":21,"column":4},"end":{"line":28,"column":5}},"5":{"start":{"line":22,"column":6},"end":{"line":27,"column":8}},"6":{"start":{"line":29,"column":4},"end":{"line":29,"column":31}},"7":{"start":{"line":4,"column":0},"end":{"line":4,"column":13}}},"fnMap":{"0":{"name":"(anonymous_0)","decl":{"start":{"line":8,"column":2},"end":{"line":8,"column":14}},"loc":{"start":{"line":8,"column":39},"end":{"line":11,"column":3}}},"1":{"name":"(anonymous_1)","decl":{"start":{"line":13,"column":2},"end":{"line":13,"column":19}},"loc":{"start":{"line":13,"column":60},"end":{"line":19,"column":3}}},"2":{"name":"(anonymous_2)","decl":{"start":{"line":20,"column":2},"end":{"line":20,"column":8}},"loc":{"start":{"line":20,"column":8},"end":{"line":30,"column":3}}}},"branchMap":{"0":{"loc":{"start":{"line":21,"column":4},"end":{"line":28,"column":5}},"type":"if","locations":[{"start":{"line":21,"column":4},"end":{"line":28,"column":5}}]},"1":{"loc":{"start":{"line":25,"column":11},"end":{"line":25,"column":58}},"type":"binary-expr","locations":[{"start":{"line":25,"column":11},"end":{"line":25,"column":27}},{"start":{"line":25,"column":31},"end":{"line":25,"column":58}}]}},"s":{"0":1,"1":1,"2":1,"3":0,"4":1,"5":0,"6":1,"7":1},"f":{"0":1,"1":0,"2":1},"b":{"0":[0],"1":[0,0]}}
,"C:\\Users\\amaterasu\\Documents\\reactApps\\Modsen Art Museum\\src\\components\\Footer\\index.tsx": {"path":"C:\\Users\\amaterasu\\Documents\\reactApps\\Modsen Art Museum\\src\\components\\Footer\\index.tsx","statementMap":{"0":{"start":{"line":2,"column":0},"end":{"line":2,"column":65}},"1":{"start":{"line":4,"column":26},"end":{"line":11,"column":1}},"2":{"start":{"line":5,"column":2},"end":{"line":10,"column":4}},"3":{"start":{"line":4,"column":13},"end":{"line":4,"column":26}}},"fnMap":{"0":{"name":"(anonymous_0)","decl":{"start":{"line":4,"column":26},"end":{"line":4,"column":29}},"loc":{"start":{"line":4,"column":31},"end":{"line":11,"column":1}}}},"branchMap":{},"s":{"0":1,"1":1,"2":1,"3":1},"f":{"0":1},"b":{}}
,"C:\\Users\\amaterasu\\Documents\\reactApps\\Modsen Art Museum\\src\\components\\Footer\\styled.ts": {"path":"C:\\Users\\amaterasu\\Documents\\reactApps\\Modsen Art Museum\\src\\components\\Footer\\styled.ts","statementMap":{"0":{"start":{"line":1,"column":0},"end":{"line":1,"column":39}},"1":{"start":{"line":3,"column":13},"end":{"line":19,"column":2}},"2":{"start":{"line":11,"column":37},"end":{"line":11,"column":58}},"3":{"start":{"line":13,"column":38},"end":{"line":13,"column":58}},"4":{"start":{"line":20,"column":13},"end":{"line":20,"column":39}},"5":{"start":{"line":21,"column":13},"end":{"line":21,"column":39}}},"fnMap":{"0":{"name":"(anonymous_0)","decl":{"start":{"line":11,"column":22},"end":{"line":11,"column":23}},"loc":{"start":{"line":11,"column":37},"end":{"line":11,"column":58}}},"1":{"name":"(anonymous_1)","decl":{"start":{"line":13,"column":23},"end":{"line":13,"column":24}},"loc":{"start":{"line":13,"column":38},"end":{"line":13,"column":58}}}},"branchMap":{},"s":{"0":1,"1":1,"2":1,"3":1,"4":1,"5":1},"f":{"0":1,"1":1},"b":{}}
,"C:\\Users\\amaterasu\\Documents\\reactApps\\Modsen Art Museum\\src\\components\\Gallery\\index.tsx": {"path":"C:\\Users\\amaterasu\\Documents\\reactApps\\Modsen Art Museum\\src\\components\\Gallery\\index.tsx","statementMap":{"0":{"start":{"line":1,"column":0},"end":{"line":1,"column":38}},"1":{"start":{"line":3,"column":0},"end":{"line":3,"column":null}},"2":{"start":{"line":8,"column":0},"end":{"line":8,"column":63}},"3":{"start":{"line":9,"column":0},"end":{"line":9,"column":null}},"4":{"start":{"line":14,"column":0},"end":{"line":14,"column":53}},"5":{"start":{"line":15,"column":0},"end":{"line":15,"column":37}},"6":{"start":{"line":16,"column":0},"end":{"line":16,"column":50}},"7":{"start":{"line":17,"column":0},"end":{"line":17,"column":47}},"8":{"start":{"line":18,"column":0},"end":{"line":18,"column":62}},"9":{"start":{"line":19,"column":27},"end":{"line":81,"column":1}},"10":{"start":{"line":20,"column":15},"end":{"line":20,"column":42}},"11":{"start":{"line":21,"column":21},"end":{"line":21,"column":52}},"12":{"start":{"line":22,"column":17},"end":{"line":22,"column":42}},"13":{"start":{"line":23,"column":19},"end":{"line":23,"column":35}},"14":{"start":{"line":24,"column":2},"end":{"line":26,"column":19}},"15":{"start":{"line":25,"column":4},"end":{"line":25,"column":36}},"16":{"start":{"line":27,"column":2},"end":{"line":29,"column":13}},"17":{"start":{"line":28,"column":4},"end":{"line":28,"column":22}},"18":{"start":{"line":30,"column":2},"end":{"line":80,"column":4}},"19":{"start":{"line":47,"column":38},"end":{"line":47,"column":70}},"20":{"start":{"line":48,"column":33},"end":{"line":48,"column":54}},"21":{"start":{"line":49,"column":29},"end":{"line":49,"column":58}},"22":{"start":{"line":50,"column":35},"end":{"line":52,"column":35}},"23":{"start":{"line":53,"column":16},"end":{"line":67,"column":18}},"24":{"start":{"line":19,"column":13},"end":{"line":19,"column":27}}},"fnMap":{"0":{"name":"(anonymous_0)","decl":{"start":{"line":19,"column":27},"end":{"line":19,"column":30}},"loc":{"start":{"line":19,"column":32},"end":{"line":81,"column":1}}},"1":{"name":"(anonymous_1)","decl":{"start":{"line":24,"column":12},"end":{"line":24,"column":15}},"loc":{"start":{"line":24,"column":17},"end":{"line":26,"column":3}}},"2":{"name":"(anonymous_2)","decl":{"start":{"line":27,"column":12},"end":{"line":27,"column":15}},"loc":{"start":{"line":27,"column":17},"end":{"line":29,"column":3}}},"3":{"name":"(anonymous_3)","decl":{"start":{"line":36,"column":14},"end":{"line":36,"column":15}},"loc":{"start":{"line":46,"column":19},"end":{"line":68,"column":15}}}},"branchMap":{"0":{"loc":{"start":{"line":32,"column":7},"end":{"line":74,"column":null}},"type":"cond-expr","locations":[{"start":{"line":33,"column":8},"end":{"line":69,"column":null}},{"start":{"line":72,"column":8},"end":{"line":73,"column":null}}]},"1":{"loc":{"start":{"line":34,"column":11},"end":{"line":68,"column":null}},"type":"binary-expr","locations":[{"start":{"line":34,"column":11},"end":{"line":34,"column":22}},{"start":{"line":35,"column":12},"end":{"line":68,"column":null}}]},"2":{"loc":{"start":{"line":50,"column":35},"end":{"line":52,"column":35}},"type":"cond-expr","locations":[{"start":{"line":51,"column":20},"end":{"line":51,"column":53}},{"start":{"line":52,"column":20},"end":{"line":52,"column":35}}]}},"s":{"0":1,"1":1,"2":1,"3":1,"4":1,"5":1,"6":1,"7":1,"8":1,"9":1,"10":3,"11":2,"12":2,"13":2,"14":2,"15":1,"16":2,"17":1,"18":2,"19":0,"20":0,"21":0,"22":0,"23":0,"24":1},"f":{"0":3,"1":1,"2":1,"3":0},"b":{"0":[1,1],"1":[1,1],"2":[0,0]}}
,"C:\\Users\\amaterasu\\Documents\\reactApps\\Modsen Art Museum\\src\\components\\Gallery\\styled.ts": {"path":"C:\\Users\\amaterasu\\Documents\\reactApps\\Modsen Art Museum\\src\\components\\Gallery\\styled.ts","statementMap":{"0":{"start":{"line":1,"column":0},"end":{"line":1,"column":39}},"1":{"start":{"line":3,"column":13},"end":{"line":14,"column":2}},"2":{"start":{"line":6,"column":24},"end":{"line":6,"column":37}},"3":{"start":{"line":7,"column":34},"end":{"line":7,"column":50}},"4":{"start":{"line":8,"column":38},"end":{"line":8,"column":58}},"5":{"start":{"line":15,"column":13},"end":{"line":20,"column":2}},"6":{"start":{"line":19,"column":34},"end":{"line":19,"column":50}},"7":{"start":{"line":21,"column":13},"end":{"line":27,"column":2}},"8":{"start":{"line":26,"column":34},"end":{"line":26,"column":50}}},"fnMap":{"0":{"name":"(anonymous_0)","decl":{"start":{"line":6,"column":9},"end":{"line":6,"column":10}},"loc":{"start":{"line":6,"column":24},"end":{"line":6,"column":37}}},"1":{"name":"(anonymous_1)","decl":{"start":{"line":7,"column":19},"end":{"line":7,"column":20}},"loc":{"start":{"line":7,"column":34},"end":{"line":7,"column":50}}},"2":{"name":"(anonymous_2)","decl":{"start":{"line":8,"column":23},"end":{"line":8,"column":24}},"loc":{"start":{"line":8,"column":38},"end":{"line":8,"column":58}}},"3":{"name":"(anonymous_3)","decl":{"start":{"line":19,"column":19},"end":{"line":19,"column":20}},"loc":{"start":{"line":19,"column":34},"end":{"line":19,"column":50}}},"4":{"name":"(anonymous_4)","decl":{"start":{"line":26,"column":19},"end":{"line":26,"column":20}},"loc":{"start":{"line":26,"column":34},"end":{"line":26,"column":50}}}},"branchMap":{},"s":{"0":1,"1":1,"2":1,"3":1,"4":1,"5":1,"6":2,"7":1,"8":1},"f":{"0":1,"1":1,"2":1,"3":2,"4":1},"b":{}}
,"C:\\Users\\amaterasu\\Documents\\reactApps\\Modsen Art Museum\\src\\components\\Header\\index.tsx": {"path":"C:\\Users\\amaterasu\\Documents\\reactApps\\Modsen Art Museum\\src\\components\\Header\\index.tsx","statementMap":{"0":{"start":{"line":1,"column":0},"end":{"line":1,"column":57}},"1":{"start":{"line":2,"column":0},"end":{"line":2,"column":57}},"2":{"start":{"line":3,"column":0},"end":{"line":3,"column":48}},"3":{"start":{"line":4,"column":0},"end":{"line":4,"column":55}},"4":{"start":{"line":5,"column":0},"end":{"line":5,"column":53}},"5":{"start":{"line":6,"column":0},"end":{"line":6,"column":44}},"6":{"start":{"line":7,"column":0},"end":{"line":7,"column":47}},"7":{"start":{"line":8,"column":0},"end":{"line":8,"column":null}},"8":{"start":{"line":18,"column":26},"end":{"line":64,"column":1}},"9":{"start":{"line":19,"column":19},"end":{"line":19,"column":32}},"10":{"start":{"line":20,"column":21},"end":{"line":20,"column":40}},"11":{"start":{"line":21,"column":19},"end":{"line":21,"column":32}},"12":{"start":{"line":22,"column":29},"end":{"line":26,"column":3}},"13":{"start":{"line":23,"column":4},"end":{"line":23,"column":25}},"14":{"start":{"line":24,"column":4},"end":{"line":24,"column":35}},"15":{"start":{"line":25,"column":4},"end":{"line":25,"column":27}},"16":{"start":{"line":27,"column":27},"end":{"line":29,"column":3}},"17":{"start":{"line":28,"column":4},"end":{"line":28,"column":34}},"18":{"start":{"line":30,"column":27},"end":{"line":34,"column":3}},"19":{"start":{"line":31,"column":4},"end":{"line":31,"column":25}},"20":{"start":{"line":32,"column":4},"end":{"line":32,"column":18}},"21":{"start":{"line":33,"column":4},"end":{"line":33,"column":34}},"22":{"start":{"line":35,"column":2},"end":{"line":37,"column":19}},"23":{"start":{"line":36,"column":4},"end":{"line":36,"column":28}},"24":{"start":{"line":38,"column":38},"end":{"line":38,"column":53}},"25":{"start":{"line":39,"column":28},"end":{"line":41,"column":3}},"26":{"start":{"line":40,"column":4},"end":{"line":40,"column":31}},"27":{"start":{"line":42,"column":2},"end":{"line":63,"column":4}},"28":{"start":{"line":18,"column":13},"end":{"line":18,"column":26}}},"fnMap":{"0":{"name":"(anonymous_0)","decl":{"start":{"line":18,"column":26},"end":{"line":18,"column":29}},"loc":{"start":{"line":18,"column":31},"end":{"line":64,"column":1}}},"1":{"name":"(anonymous_1)","decl":{"start":{"line":22,"column":29},"end":{"line":22,"column":32}},"loc":{"start":{"line":22,"column":34},"end":{"line":26,"column":3}}},"2":{"name":"(anonymous_2)","decl":{"start":{"line":27,"column":27},"end":{"line":27,"column":30}},"loc":{"start":{"line":27,"column":32},"end":{"line":29,"column":3}}},"3":{"name":"(anonymous_3)","decl":{"start":{"line":30,"column":27},"end":{"line":30,"column":30}},"loc":{"start":{"line":30,"column":32},"end":{"line":34,"column":3}}},"4":{"name":"(anonymous_4)","decl":{"start":{"line":35,"column":12},"end":{"line":35,"column":15}},"loc":{"start":{"line":35,"column":17},"end":{"line":37,"column":3}}},"5":{"name":"(anonymous_5)","decl":{"start":{"line":39,"column":28},"end":{"line":39,"column":31}},"loc":{"start":{"line":39,"column":33},"end":{"line":41,"column":3}}}},"branchMap":{},"s":{"0":1,"1":1,"2":1,"3":1,"4":1,"5":1,"6":1,"7":1,"8":1,"9":2,"10":1,"11":1,"12":1,"13":0,"14":0,"15":0,"16":1,"17":0,"18":1,"19":0,"20":0,"21":0,"22":1,"23":1,"24":1,"25":1,"26":0,"27":1,"28":1},"f":{"0":2,"1":0,"2":0,"3":0,"4":1,"5":0},"b":{}}
,"C:\\Users\\amaterasu\\Documents\\reactApps\\Modsen Art Museum\\src\\components\\Header\\styled.ts": {"path":"C:\\Users\\amaterasu\\Documents\\reactApps\\Modsen Art Museum\\src\\components\\Header\\styled.ts","statementMap":{"0":{"start":{"line":1,"column":0},"end":{"line":1,"column":39}},"1":{"start":{"line":3,"column":13},"end":{"line":27,"column":2}},"2":{"start":{"line":16,"column":34},"end":{"line":16,"column":50}},"3":{"start":{"line":17,"column":38},"end":{"line":17,"column":58}},"4":{"start":{"line":28,"column":13},"end":{"line":28,"column":45}},"5":{"start":{"line":29,"column":13},"end":{"line":39,"column":2}},"6":{"start":{"line":30,"column":30},"end":{"line":30,"column":48}},"7":{"start":{"line":31,"column":32},"end":{"line":31,"column":52}},"8":{"start":{"line":38,"column":24},"end":{"line":38,"column":37}},"9":{"start":{"line":40,"column":13},"end":{"line":49,"column":2}},"10":{"start":{"line":43,"column":39},"end":{"line":43,"column":74}},"11":{"start":{"line":44,"column":38},"end":{"line":44,"column":58}},"12":{"start":{"line":46,"column":40},"end":{"line":46,"column":70}},"13":{"start":{"line":50,"column":13},"end":{"line":50,"column":37}},"14":{"start":{"line":51,"column":13},"end":{"line":70,"column":2}},"15":{"start":{"line":53,"column":24},"end":{"line":53,"column":37}},"16":{"start":{"line":54,"column":44},"end":{"line":54,"column":64}},"17":{"start":{"line":57,"column":38},"end":{"line":57,"column":58}},"18":{"start":{"line":65,"column":35},"end":{"line":65,"column":58}},"19":{"start":{"line":66,"column":37},"end":{"line":66,"column":54}},"20":{"start":{"line":67,"column":36},"end":{"line":67,"column":53}},"21":{"start":{"line":72,"column":13},"end":{"line":84,"column":2}},"22":{"start":{"line":79,"column":38},"end":{"line":79,"column":58}},"23":{"start":{"line":85,"column":13},"end":{"line":88,"column":2}}},"fnMap":{"0":{"name":"(anonymous_0)","decl":{"start":{"line":16,"column":19},"end":{"line":16,"column":20}},"loc":{"start":{"line":16,"column":34},"end":{"line":16,"column":50}}},"1":{"name":"(anonymous_1)","decl":{"start":{"line":17,"column":23},"end":{"line":17,"column":24}},"loc":{"start":{"line":17,"column":38},"end":{"line":17,"column":58}}},"2":{"name":"(anonymous_2)","decl":{"start":{"line":30,"column":15},"end":{"line":30,"column":16}},"loc":{"start":{"line":30,"column":30},"end":{"line":30,"column":48}}},"3":{"name":"(anonymous_3)","decl":{"start":{"line":31,"column":17},"end":{"line":31,"column":18}},"loc":{"start":{"line":31,"column":32},"end":{"line":31,"column":52}}},"4":{"name":"(anonymous_4)","decl":{"start":{"line":38,"column":9},"end":{"line":38,"column":10}},"loc":{"start":{"line":38,"column":24},"end":{"line":38,"column":37}}},"5":{"name":"(anonymous_5)","decl":{"start":{"line":43,"column":16},"end":{"line":43,"column":17}},"loc":{"start":{"line":43,"column":39},"end":{"line":43,"column":74}}},"6":{"name":"(anonymous_6)","decl":{"start":{"line":44,"column":23},"end":{"line":44,"column":24}},"loc":{"start":{"line":44,"column":38},"end":{"line":44,"column":58}}},"7":{"name":"(anonymous_7)","decl":{"start":{"line":46,"column":17},"end":{"line":46,"column":18}},"loc":{"start":{"line":46,"column":40},"end":{"line":46,"column":70}}},"8":{"name":"(anonymous_8)","decl":{"start":{"line":53,"column":9},"end":{"line":53,"column":10}},"loc":{"start":{"line":53,"column":24},"end":{"line":53,"column":37}}},"9":{"name":"(anonymous_9)","decl":{"start":{"line":54,"column":26},"end":{"line":54,"column":27}},"loc":{"start":{"line":54,"column":44},"end":{"line":54,"column":64}}},"10":{"name":"(anonymous_10)","decl":{"start":{"line":57,"column":23},"end":{"line":57,"column":24}},"loc":{"start":{"line":57,"column":38},"end":{"line":57,"column":58}}},"11":{"name":"(anonymous_11)","decl":{"start":{"line":65,"column":20},"end":{"line":65,"column":21}},"loc":{"start":{"line":65,"column":35},"end":{"line":65,"column":58}}},"12":{"name":"(anonymous_12)","decl":{"start":{"line":66,"column":22},"end":{"line":66,"column":23}},"loc":{"start":{"line":66,"column":37},"end":{"line":66,"column":54}}},"13":{"name":"(anonymous_13)","decl":{"start":{"line":67,"column":21},"end":{"line":67,"column":22}},"loc":{"start":{"line":67,"column":36},"end":{"line":67,"column":53}}},"14":{"name":"(anonymous_14)","decl":{"start":{"line":79,"column":23},"end":{"line":79,"column":24}},"loc":{"start":{"line":79,"column":38},"end":{"line":79,"column":58}}}},"branchMap":{"0":{"loc":{"start":{"line":43,"column":39},"end":{"line":43,"column":74}},"type":"cond-expr","locations":[{"start":{"line":43,"column":54},"end":{"line":43,"column":62}},{"start":{"line":43,"column":65},"end":{"line":43,"column":74}}]},"1":{"loc":{"start":{"line":46,"column":40},"end":{"line":46,"column":70}},"type":"cond-expr","locations":[{"start":{"line":46,"column":55},"end":{"line":46,"column":61}},{"start":{"line":46,"column":64},"end":{"line":46,"column":70}}]},"2":{"loc":{"start":{"line":54,"column":44},"end":{"line":54,"column":64}},"type":"cond-expr","locations":[{"start":{"line":54,"column":54},"end":{"line":54,"column":60}},{"start":{"line":54,"column":63},"end":{"line":54,"column":64}}]}},"s":{"0":1,"1":1,"2":1,"3":1,"4":1,"5":1,"6":2,"7":2,"8":2,"9":1,"10":1,"11":1,"12":1,"13":1,"14":1,"15":1,"16":1,"17":1,"18":1,"19":1,"20":1,"21":1,"22":1,"23":1},"f":{"0":1,"1":1,"2":2,"3":2,"4":2,"5":1,"6":1,"7":1,"8":1,"9":1,"10":1,"11":1,"12":1,"13":1,"14":1},"b":{"0":[1,0],"1":[1,0],"2":[0,1]}}
,"C:\\Users\\amaterasu\\Documents\\reactApps\\Modsen Art Museum\\src\\components\\MagnifierLoader\\styled.ts": {"path":"C:\\Users\\amaterasu\\Documents\\reactApps\\Modsen Art Museum\\src\\components\\MagnifierLoader\\styled.ts","statementMap":{"0":{"start":{"line":1,"column":0},"end":{"line":1,"column":54}},"1":{"start":{"line":3,"column":21},"end":{"line":10,"column":2}},"2":{"start":{"line":12,"column":13},"end":{"line":14,"column":2}}},"fnMap":{},"branchMap":{},"s":{"0":1,"1":1,"2":1},"f":{},"b":{}}
,"C:\\Users\\amaterasu\\Documents\\reactApps\\Modsen Art Museum\\src\\components\\OtherWorksGallery\\index.tsx": {"path":"C:\\Users\\amaterasu\\Documents\\reactApps\\Modsen Art Museum\\src\\components\\OtherWorksGallery\\index.tsx","statementMap":{"0":{"start":{"line":1,"column":0},"end":{"line":1,"column":63}},"1":{"start":{"line":2,"column":0},"end":{"line":2,"column":38}},"2":{"start":{"line":4,"column":0},"end":{"line":4,"column":null}},"3":{"start":{"line":9,"column":0},"end":{"line":9,"column":null}},"4":{"start":{"line":13,"column":0},"end":{"line":13,"column":67}},"5":{"start":{"line":14,"column":0},"end":{"line":14,"column":47}},"6":{"start":{"line":15,"column":0},"end":{"line":15,"column":61}},"7":{"start":{"line":16,"column":0},"end":{"line":16,"column":47}},"8":{"start":{"line":17,"column":34},"end":{"line":65,"column":1}},"9":{"start":{"line":18,"column":22},"end":{"line":18,"column":56}},"10":{"start":{"line":19,"column":17},"end":{"line":19,"column":42}},"11":{"start":{"line":20,"column":19},"end":{"line":20,"column":35}},"12":{"start":{"line":21,"column":2},"end":{"line":23,"column":9}},"13":{"start":{"line":22,"column":4},"end":{"line":22,"column":33}},"14":{"start":{"line":24,"column":2},"end":{"line":64,"column":4}},"15":{"start":{"line":38,"column":32},"end":{"line":38,"column":64}},"16":{"start":{"line":39,"column":27},"end":{"line":39,"column":48}},"17":{"start":{"line":40,"column":23},"end":{"line":40,"column":52}},"18":{"start":{"line":41,"column":29},"end":{"line":43,"column":29}},"19":{"start":{"line":44,"column":10},"end":{"line":60,"column":12}},"20":{"start":{"line":17,"column":13},"end":{"line":17,"column":34}}},"fnMap":{"0":{"name":"(anonymous_0)","decl":{"start":{"line":17,"column":34},"end":{"line":17,"column":37}},"loc":{"start":{"line":17,"column":39},"end":{"line":65,"column":1}}},"1":{"name":"(anonymous_1)","decl":{"start":{"line":21,"column":12},"end":{"line":21,"column":15}},"loc":{"start":{"line":21,"column":17},"end":{"line":23,"column":3}}},"2":{"name":"(anonymous_2)","decl":{"start":{"line":27,"column":8},"end":{"line":27,"column":9}},"loc":{"start":{"line":37,"column":13},"end":{"line":61,"column":9}}}},"branchMap":{"0":{"loc":{"start":{"line":41,"column":29},"end":{"line":43,"column":29}},"type":"cond-expr","locations":[{"start":{"line":42,"column":14},"end":{"line":42,"column":47}},{"start":{"line":43,"column":14},"end":{"line":43,"column":29}}]},"1":{"loc":{"start":{"line":44,"column":17},"end":{"line":59,"column":null}},"type":"cond-expr","locations":[{"start":{"line":45,"column":12},"end":{"line":51,"column":null}},{"start":{"line":59,"column":12},"end":{"line":59,"column":37}}]}},"s":{"0":1,"1":1,"2":1,"3":1,"4":1,"5":1,"6":1,"7":1,"8":1,"9":2,"10":2,"11":2,"12":2,"13":1,"14":2,"15":0,"16":0,"17":0,"18":0,"19":0,"20":1},"f":{"0":2,"1":1,"2":0},"b":{"0":[0,0],"1":[0,0]}}
,"C:\\Users\\amaterasu\\Documents\\reactApps\\Modsen Art Museum\\src\\components\\OtherWorksGallery\\styled.ts": {"path":"C:\\Users\\amaterasu\\Documents\\reactApps\\Modsen Art Museum\\src\\components\\OtherWorksGallery\\styled.ts","statementMap":{"0":{"start":{"line":1,"column":0},"end":{"line":1,"column":39}},"1":{"start":{"line":4,"column":13},"end":{"line":22,"column":2}},"2":{"start":{"line":5,"column":35},"end":{"line":5,"column":64}},"3":{"start":{"line":6,"column":45},"end":{"line":6,"column":49}},"4":{"start":{"line":7,"column":50},"end":{"line":7,"column":56}},"5":{"start":{"line":8,"column":24},"end":{"line":8,"column":37}},"6":{"start":{"line":9,"column":34},"end":{"line":9,"column":50}},"7":{"start":{"line":10,"column":38},"end":{"line":10,"column":58}},"8":{"start":{"line":17,"column":38},"end":{"line":17,"column":58}}},"fnMap":{"0":{"name":"(anonymous_0)","decl":{"start":{"line":5,"column":13},"end":{"line":5,"column":14}},"loc":{"start":{"line":5,"column":35},"end":{"line":5,"column":64}}},"1":{"name":"(anonymous_1)","decl":{"start":{"line":6,"column":31},"end":{"line":6,"column":32}},"loc":{"start":{"line":6,"column":45},"end":{"line":6,"column":49}}},"2":{"name":"(anonymous_2)","decl":{"start":{"line":7,"column":34},"end":{"line":7,"column":35}},"loc":{"start":{"line":7,"column":50},"end":{"line":7,"column":56}}},"3":{"name":"(anonymous_3)","decl":{"start":{"line":8,"column":9},"end":{"line":8,"column":10}},"loc":{"start":{"line":8,"column":24},"end":{"line":8,"column":37}}},"4":{"name":"(anonymous_4)","decl":{"start":{"line":9,"column":19},"end":{"line":9,"column":20}},"loc":{"start":{"line":9,"column":34},"end":{"line":9,"column":50}}},"5":{"name":"(anonymous_5)","decl":{"start":{"line":10,"column":23},"end":{"line":10,"column":24}},"loc":{"start":{"line":10,"column":38},"end":{"line":10,"column":58}}},"6":{"name":"(anonymous_6)","decl":{"start":{"line":17,"column":23},"end":{"line":17,"column":24}},"loc":{"start":{"line":17,"column":38},"end":{"line":17,"column":58}}}},"branchMap":{"0":{"loc":{"start":{"line":5,"column":35},"end":{"line":5,"column":64}},"type":"cond-expr","locations":[{"start":{"line":5,"column":49},"end":{"line":5,"column":55}},{"start":{"line":5,"column":58},"end":{"line":5,"column":64}}]}},"s":{"0":1,"1":1,"2":2,"3":2,"4":2,"5":2,"6":2,"7":2,"8":2},"f":{"0":2,"1":2,"2":2,"3":2,"4":2,"5":2,"6":2},"b":{"0":[0,2]}}
,"C:\\Users\\amaterasu\\Documents\\reactApps\\Modsen Art Museum\\src\\components\\SearchForm\\index.tsx": {"path":"C:\\Users\\amaterasu\\Documents\\reactApps\\Modsen Art Museum\\src\\components\\SearchForm\\index.tsx","statementMap":{"0":{"start":{"line":1,"column":0},"end":{"line":1,"column":52}},"1":{"start":{"line":3,"column":0},"end":{"line":3,"column":47}},"2":{"start":{"line":4,"column":0},"end":{"line":4,"column":85}},"3":{"start":{"line":5,"column":0},"end":{"line":5,"column":null}},"4":{"start":{"line":9,"column":0},"end":{"line":9,"column":74}},"5":{"start":{"line":10,"column":0},"end":{"line":10,"column":35}},"6":{"start":{"line":11,"column":0},"end":{"line":11,"column":49}},"7":{"start":{"line":12,"column":0},"end":{"line":12,"column":42}},"8":{"start":{"line":13,"column":0},"end":{"line":13,"column":37}},"9":{"start":{"line":14,"column":0},"end":{"line":14,"column":null}},"10":{"start":{"line":30,"column":29},"end":{"line":106,"column":1}},"11":{"start":{"line":31,"column":19},"end":{"line":31,"column":35}},"12":{"start":{"line":32,"column":36},"end":{"line":32,"column":60}},"13":{"start":{"line":33,"column":40},"end":{"line":33,"column":72}},"14":{"start":{"line":34,"column":30},"end":{"line":34,"column":68}},"15":{"start":{"line":35,"column":20},"end":{"line":38,"column":3}},"16":{"start":{"line":36,"column":4},"end":{"line":36,"column":24}},"17":{"start":{"line":37,"column":4},"end":{"line":37,"column":46}},"18":{"start":{"line":39,"column":28},"end":{"line":41,"column":3}},"19":{"start":{"line":40,"column":4},"end":{"line":40,"column":29}},"20":{"start":{"line":42,"column":24},"end":{"line":49,"column":3}},"21":{"start":{"line":43,"column":4},"end":{"line":48,"column":5}},"22":{"start":{"line":44,"column":6},"end":{"line":44,"column":51}},"23":{"start":{"line":45,"column":6},"end":{"line":45,"column":73}},"24":{"start":{"line":47,"column":6},"end":{"line":47,"column":21}},"25":{"start":{"line":50,"column":17},"end":{"line":58,"column":4}},"26":{"start":{"line":59,"column":23},"end":{"line":63,"column":3}},"27":{"start":{"line":60,"column":4},"end":{"line":60,"column":50}},"28":{"start":{"line":61,"column":4},"end":{"line":61,"column":34}},"29":{"start":{"line":62,"column":4},"end":{"line":62,"column":28}},"30":{"start":{"line":64,"column":2},"end":{"line":105,"column":4}},"31":{"start":{"line":88,"column":16},"end":{"line":88,"column":35}},"32":{"start":{"line":30,"column":13},"end":{"line":30,"column":29}}},"fnMap":{"0":{"name":"(anonymous_0)","decl":{"start":{"line":30,"column":29},"end":{"line":30,"column":32}},"loc":{"start":{"line":30,"column":34},"end":{"line":106,"column":1}}},"1":{"name":"(anonymous_1)","decl":{"start":{"line":35,"column":20},"end":{"line":35,"column":21}},"loc":{"start":{"line":35,"column":53},"end":{"line":38,"column":3}}},"2":{"name":"(anonymous_2)","decl":{"start":{"line":39,"column":28},"end":{"line":39,"column":31}},"loc":{"start":{"line":39,"column":33},"end":{"line":41,"column":3}}},"3":{"name":"(anonymous_3)","decl":{"start":{"line":42,"column":24},"end":{"line":42,"column":29}},"loc":{"start":{"line":42,"column":59},"end":{"line":49,"column":3}}},"4":{"name":"(anonymous_4)","decl":{"start":{"line":59,"column":23},"end":{"line":59,"column":26}},"loc":{"start":{"line":59,"column":28},"end":{"line":63,"column":3}}},"5":{"name":"(anonymous_5)","decl":{"start":{"line":87,"column":31},"end":{"line":87,"column":32}},"loc":{"start":{"line":88,"column":16},"end":{"line":88,"column":35}}}},"branchMap":{"0":{"loc":{"start":{"line":95,"column":9},"end":{"line":98,"column":null}},"type":"cond-expr","locations":[{"start":{"line":96,"column":10},"end":{"line":96,"column":65}},{"start":{"line":98,"column":10},"end":{"line":98,"column":15}}]},"1":{"loc":{"start":{"line":101,"column":7},"end":{"line":102,"column":null}},"type":"binary-expr","locations":[{"start":{"line":101,"column":7},"end":{"line":101,"column":26}},{"start":{"line":101,"column":30},"end":{"line":101,"column":48}},{"start":{"line":102,"column":8},"end":{"line":102,"column":49}}]}},"s":{"0":1,"1":1,"2":1,"3":1,"4":1,"5":1,"6":1,"7":1,"8":1,"9":1,"10":1,"11":2,"12":1,"13":1,"14":1,"15":1,"16":0,"17":0,"18":1,"19":0,"20":1,"21":0,"22":0,"23":0,"24":0,"25":1,"26":1,"27":0,"28":0,"29":0,"30":1,"31":3,"32":1},"f":{"0":2,"1":0,"2":0,"3":0,"4":0,"5":3},"b":{"0":[0,1],"1":[1,0,0]}}
,"C:\\Users\\amaterasu\\Documents\\reactApps\\Modsen Art Museum\\src\\components\\SearchForm\\styled.ts": {"path":"C:\\Users\\amaterasu\\Documents\\reactApps\\Modsen Art Museum\\src\\components\\SearchForm\\styled.ts","statementMap":{"0":{"start":{"line":1,"column":0},"end":{"line":1,"column":39}},"1":{"start":{"line":4,"column":13},"end":{"line":14,"column":2}},"2":{"start":{"line":9,"column":38},"end":{"line":9,"column":58}},"3":{"start":{"line":15,"column":13},"end":{"line":20,"column":2}},"4":{"start":{"line":16,"column":34},"end":{"line":16,"column":50}},"5":{"start":{"line":21,"column":13},"end":{"line":25,"column":2}},"6":{"start":{"line":23,"column":26},"end":{"line":23,"column":45}},"7":{"start":{"line":24,"column":33},"end":{"line":24,"column":50}},"8":{"start":{"line":26,"column":13},"end":{"line":31,"column":2}},"9":{"start":{"line":28,"column":30},"end":{"line":28,"column":48}},"10":{"start":{"line":32,"column":13},"end":{"line":51,"column":2}},"11":{"start":{"line":34,"column":30},"end":{"line":34,"column":48}},"12":{"start":{"line":35,"column":28},"end":{"line":35,"column":45}},"13":{"start":{"line":36,"column":21},"end":{"line":36,"column":38}},"14":{"start":{"line":45,"column":38},"end":{"line":45,"column":58}},"15":{"start":{"line":47,"column":32},"end":{"line":47,"column":49}},"16":{"start":{"line":48,"column":25},"end":{"line":48,"column":42}},"17":{"start":{"line":52,"column":13},"end":{"line":58,"column":2}},"18":{"start":{"line":55,"column":33},"end":{"line":55,"column":50}},"19":{"start":{"line":56,"column":24},"end":{"line":56,"column":37}},"20":{"start":{"line":59,"column":13},"end":{"line":78,"column":2}},"21":{"start":{"line":68,"column":30},"end":{"line":68,"column":48}},"22":{"start":{"line":69,"column":28},"end":{"line":69,"column":45}},"23":{"start":{"line":70,"column":21},"end":{"line":70,"column":38}},"24":{"start":{"line":72,"column":38},"end":{"line":72,"column":58}},"25":{"start":{"line":75,"column":34},"end":{"line":75,"column":52}},"26":{"start":{"line":79,"column":13},"end":{"line":84,"column":2}},"27":{"start":{"line":85,"column":13},"end":{"line":92,"column":2}},"28":{"start":{"line":86,"column":28},"end":{"line":86,"column":45}},"29":{"start":{"line":90,"column":24},"end":{"line":90,"column":37}},"30":{"start":{"line":93,"column":13},"end":{"line":102,"column":2}},"31":{"start":{"line":95,"column":30},"end":{"line":95,"column":48}},"32":{"start":{"line":103,"column":13},"end":{"line":117,"column":2}},"33":{"start":{"line":110,"column":34},"end":{"line":110,"column":63}},"34":{"start":{"line":111,"column":38},"end":{"line":111,"column":58}},"35":{"start":{"line":114,"column":34},"end":{"line":114,"column":52}},"36":{"start":{"line":118,"column":13},"end":{"line":130,"column":2}},"37":{"start":{"line":131,"column":13},"end":{"line":131,"column":39}},"38":{"start":{"line":132,"column":13},"end":{"line":172,"column":2}},"39":{"start":{"line":132,"column":53},"end":{"line":135,"column":2}},"40":{"start":{"line":142,"column":30},"end":{"line":142,"column":48}},"41":{"start":{"line":143,"column":33},"end":{"line":143,"column":50}},"42":{"start":{"line":144,"column":34},"end":{"line":144,"column":51}},"43":{"start":{"line":145,"column":32},"end":{"line":145,"column":52}},"44":{"start":{"line":147,"column":34},"end":{"line":147,"column":54}},"45":{"start":{"line":149,"column":32},"end":{"line":149,"column":50}},"46":{"start":{"line":150,"column":34},"end":{"line":150,"column":54}}},"fnMap":{"0":{"name":"(anonymous_0)","decl":{"start":{"line":9,"column":23},"end":{"line":9,"column":24}},"loc":{"start":{"line":9,"column":38},"end":{"line":9,"column":58}}},"1":{"name":"(anonymous_1)","decl":{"start":{"line":16,"column":19},"end":{"line":16,"column":20}},"loc":{"start":{"line":16,"column":34},"end":{"line":16,"column":50}}},"2":{"name":"(anonymous_2)","decl":{"start":{"line":23,"column":11},"end":{"line":23,"column":12}},"loc":{"start":{"line":23,"column":26},"end":{"line":23,"column":45}}},"3":{"name":"(anonymous_3)","decl":{"start":{"line":24,"column":18},"end":{"line":24,"column":19}},"loc":{"start":{"line":24,"column":33},"end":{"line":24,"column":50}}},"4":{"name":"(anonymous_4)","decl":{"start":{"line":28,"column":15},"end":{"line":28,"column":16}},"loc":{"start":{"line":28,"column":30},"end":{"line":28,"column":48}}},"5":{"name":"(anonymous_5)","decl":{"start":{"line":34,"column":15},"end":{"line":34,"column":16}},"loc":{"start":{"line":34,"column":30},"end":{"line":34,"column":48}}},"6":{"name":"(anonymous_6)","decl":{"start":{"line":35,"column":13},"end":{"line":35,"column":14}},"loc":{"start":{"line":35,"column":28},"end":{"line":35,"column":45}}},"7":{"name":"(anonymous_7)","decl":{"start":{"line":36,"column":6},"end":{"line":36,"column":7}},"loc":{"start":{"line":36,"column":21},"end":{"line":36,"column":38}}},"8":{"name":"(anonymous_8)","decl":{"start":{"line":45,"column":23},"end":{"line":45,"column":24}},"loc":{"start":{"line":45,"column":38},"end":{"line":45,"column":58}}},"9":{"name":"(anonymous_9)","decl":{"start":{"line":47,"column":17},"end":{"line":47,"column":18}},"loc":{"start":{"line":47,"column":32},"end":{"line":47,"column":49}}},"10":{"name":"(anonymous_10)","decl":{"start":{"line":48,"column":10},"end":{"line":48,"column":11}},"loc":{"start":{"line":48,"column":25},"end":{"line":48,"column":42}}},"11":{"name":"(anonymous_11)","decl":{"start":{"line":55,"column":18},"end":{"line":55,"column":19}},"loc":{"start":{"line":55,"column":33},"end":{"line":55,"column":50}}},"12":{"name":"(anonymous_12)","decl":{"start":{"line":56,"column":9},"end":{"line":56,"column":10}},"loc":{"start":{"line":56,"column":24},"end":{"line":56,"column":37}}},"13":{"name":"(anonymous_13)","decl":{"start":{"line":68,"column":15},"end":{"line":68,"column":16}},"loc":{"start":{"line":68,"column":30},"end":{"line":68,"column":48}}},"14":{"name":"(anonymous_14)","decl":{"start":{"line":69,"column":13},"end":{"line":69,"column":14}},"loc":{"start":{"line":69,"column":28},"end":{"line":69,"column":45}}},"15":{"name":"(anonymous_15)","decl":{"start":{"line":70,"column":6},"end":{"line":70,"column":7}},"loc":{"start":{"line":70,"column":21},"end":{"line":70,"column":38}}},"16":{"name":"(anonymous_16)","decl":{"start":{"line":72,"column":23},"end":{"line":72,"column":24}},"loc":{"start":{"line":72,"column":38},"end":{"line":72,"column":58}}},"17":{"name":"(anonymous_17)","decl":{"start":{"line":75,"column":19},"end":{"line":75,"column":20}},"loc":{"start":{"line":75,"column":34},"end":{"line":75,"column":52}}},"18":{"name":"(anonymous_18)","decl":{"start":{"line":86,"column":13},"end":{"line":86,"column":14}},"loc":{"start":{"line":86,"column":28},"end":{"line":86,"column":45}}},"19":{"name":"(anonymous_19)","decl":{"start":{"line":90,"column":9},"end":{"line":90,"column":10}},"loc":{"start":{"line":90,"column":24},"end":{"line":90,"column":37}}},"20":{"name":"(anonymous_20)","decl":{"start":{"line":95,"column":15},"end":{"line":95,"column":16}},"loc":{"start":{"line":95,"column":30},"end":{"line":95,"column":48}}},"21":{"name":"(anonymous_21)","decl":{"start":{"line":110,"column":13},"end":{"line":110,"column":14}},"loc":{"start":{"line":110,"column":34},"end":{"line":110,"column":63}}},"22":{"name":"(anonymous_22)","decl":{"start":{"line":111,"column":23},"end":{"line":111,"column":24}},"loc":{"start":{"line":111,"column":38},"end":{"line":111,"column":58}}},"23":{"name":"(anonymous_23)","decl":{"start":{"line":114,"column":19},"end":{"line":114,"column":20}},"loc":{"start":{"line":114,"column":34},"end":{"line":114,"column":52}}},"24":{"name":"(anonymous_24)","decl":{"start":{"line":132,"column":46},"end":{"line":132,"column":49}},"loc":{"start":{"line":132,"column":53},"end":{"line":135,"column":2}}},"25":{"name":"(anonymous_25)","decl":{"start":{"line":142,"column":15},"end":{"line":142,"column":16}},"loc":{"start":{"line":142,"column":30},"end":{"line":142,"column":48}}},"26":{"name":"(anonymous_26)","decl":{"start":{"line":143,"column":18},"end":{"line":143,"column":19}},"loc":{"start":{"line":143,"column":33},"end":{"line":143,"column":50}}},"27":{"name":"(anonymous_27)","decl":{"start":{"line":144,"column":19},"end":{"line":144,"column":20}},"loc":{"start":{"line":144,"column":34},"end":{"line":144,"column":51}}},"28":{"name":"(anonymous_28)","decl":{"start":{"line":145,"column":17},"end":{"line":145,"column":18}},"loc":{"start":{"line":145,"column":32},"end":{"line":145,"column":52}}},"29":{"name":"(anonymous_29)","decl":{"start":{"line":147,"column":19},"end":{"line":147,"column":20}},"loc":{"start":{"line":147,"column":34},"end":{"line":147,"column":54}}},"30":{"name":"(anonymous_30)","decl":{"start":{"line":149,"column":17},"end":{"line":149,"column":18}},"loc":{"start":{"line":149,"column":32},"end":{"line":149,"column":50}}},"31":{"name":"(anonymous_31)","decl":{"start":{"line":150,"column":19},"end":{"line":150,"column":20}},"loc":{"start":{"line":150,"column":34},"end":{"line":150,"column":54}}}},"branchMap":{"0":{"loc":{"start":{"line":110,"column":34},"end":{"line":110,"column":63}},"type":"cond-expr","locations":[{"start":{"line":110,"column":47},"end":{"line":110,"column":54}},{"start":{"line":110,"column":57},"end":{"line":110,"column":63}}]}},"s":{"0":1,"1":1,"2":1,"3":1,"4":1,"5":1,"6":0,"7":0,"8":1,"9":2,"10":1,"11":0,"12":0,"13":0,"14":0,"15":0,"16":0,"17":1,"18":1,"19":1,"20":1,"21":1,"22":1,"23":1,"24":1,"25":1,"26":1,"27":1,"28":1,"29":1,"30":1,"31":3,"32":1,"33":1,"34":1,"35":1,"36":1,"37":1,"38":1,"39":1,"40":1,"41":1,"42":1,"43":1,"44":1,"45":1,"46":1},"f":{"0":1,"1":1,"2":0,"3":0,"4":2,"5":0,"6":0,"7":0,"8":0,"9":0,"10":0,"11":1,"12":1,"13":1,"14":1,"15":1,"16":1,"17":1,"18":1,"19":1,"20":3,"21":1,"22":1,"23":1,"24":1,"25":1,"26":1,"27":1,"28":1,"29":1,"30":1,"31":1},"b":{"0":[0,1]}}
,"C:\\Users\\amaterasu\\Documents\\reactApps\\Modsen Art Museum\\src\\components\\SearchResults\\index.tsx": {"path":"C:\\Users\\amaterasu\\Documents\\reactApps\\Modsen Art Museum\\src\\components\\SearchResults\\index.tsx","statementMap":{"0":{"start":{"line":1,"column":0},"end":{"line":1,"column":null}},"1":{"start":{"line":8,"column":0},"end":{"line":8,"column":47}},"2":{"start":{"line":9,"column":0},"end":{"line":9,"column":null}},"3":{"start":{"line":14,"column":0},"end":{"line":14,"column":60}},"4":{"start":{"line":15,"column":0},"end":{"line":15,"column":66}},"5":{"start":{"line":16,"column":0},"end":{"line":16,"column":47}},"6":{"start":{"line":17,"column":0},"end":{"line":17,"column":46}},"7":{"start":{"line":18,"column":33},"end":{"line":83,"column":1}},"8":{"start":{"line":19,"column":22},"end":{"line":19,"column":57}},"9":{"start":{"line":20,"column":17},"end":{"line":20,"column":42}},"10":{"start":{"line":21,"column":23},"end":{"line":21,"column":64}},"11":{"start":{"line":23,"column":2},"end":{"line":82,"column":4}},"12":{"start":{"line":45,"column":40},"end":{"line":45,"column":72}},"13":{"start":{"line":46,"column":35},"end":{"line":46,"column":56}},"14":{"start":{"line":47,"column":31},"end":{"line":47,"column":60}},"15":{"start":{"line":48,"column":37},"end":{"line":50,"column":37}},"16":{"start":{"line":51,"column":18},"end":{"line":65,"column":20}},"17":{"start":{"line":18,"column":13},"end":{"line":18,"column":33}}},"fnMap":{"0":{"name":"(anonymous_0)","decl":{"start":{"line":18,"column":33},"end":{"line":18,"column":36}},"loc":{"start":{"line":18,"column":38},"end":{"line":83,"column":1}}},"1":{"name":"(anonymous_1)","decl":{"start":{"line":34,"column":16},"end":{"line":34,"column":17}},"loc":{"start":{"line":44,"column":21},"end":{"line":66,"column":17}}}},"branchMap":{"0":{"loc":{"start":{"line":25,"column":7},"end":{"line":79,"column":null}},"type":"cond-expr","locations":[{"start":{"line":26,"column":8},"end":{"line":76,"column":null}},{"start":{"line":79,"column":8},"end":{"line":79,"column":13}}]},"1":{"loc":{"start":{"line":29,"column":23},"end":{"line":29,"column":52}},"type":"binary-expr","locations":[{"start":{"line":29,"column":23},"end":{"line":29,"column":29}},{"start":{"line":29,"column":33},"end":{"line":29,"column":52}}]},"2":{"loc":{"start":{"line":31,"column":11},"end":{"line":75,"column":null}},"type":"cond-expr","locations":[{"start":{"line":32,"column":12},"end":{"line":69,"column":null}},{"start":{"line":72,"column":12},"end":{"line":74,"column":null}}]},"3":{"loc":{"start":{"line":32,"column":12},"end":{"line":69,"column":null}},"type":"cond-expr","locations":[{"start":{"line":33,"column":14},"end":{"line":66,"column":null}},{"start":{"line":69,"column":14},"end":{"line":69,"column":68}}]},"4":{"loc":{"start":{"line":48,"column":37},"end":{"line":50,"column":37}},"type":"cond-expr","locations":[{"start":{"line":49,"column":22},"end":{"line":49,"column":55}},{"start":{"line":50,"column":22},"end":{"line":50,"column":37}}]}},"s":{"0":1,"1":1,"2":1,"3":1,"4":1,"5":1,"6":1,"7":1,"8":2,"9":2,"10":2,"11":2,"12":0,"13":0,"14":0,"15":0,"16":0,"17":1},"f":{"0":2,"1":0},"b":{"0":[0,2],"1":[0,0],"2":[0,0],"3":[0,0],"4":[0,0]}}
,"C:\\Users\\amaterasu\\Documents\\reactApps\\Modsen Art Museum\\src\\components\\SearchResults\\styled.ts": {"path":"C:\\Users\\amaterasu\\Documents\\reactApps\\Modsen Art Museum\\src\\components\\SearchResults\\styled.ts","statementMap":{"0":{"start":{"line":1,"column":0},"end":{"line":1,"column":39}},"1":{"start":{"line":3,"column":13},"end":{"line":3,"column":46}}},"fnMap":{},"branchMap":{},"s":{"0":1,"1":1},"f":{},"b":{}}
,"C:\\Users\\amaterasu\\Documents\\reactApps\\Modsen Art Museum\\src\\components\\SmallCardArt\\index.tsx": {"path":"C:\\Users\\amaterasu\\Documents\\reactApps\\Modsen Art Museum\\src\\components\\SmallCardArt\\index.tsx","statementMap":{"0":{"start":{"line":1,"column":0},"end":{"line":1,"column":37}},"1":{"start":{"line":2,"column":0},"end":{"line":2,"column":55}},"2":{"start":{"line":3,"column":0},"end":{"line":3,"column":47}},"3":{"start":{"line":4,"column":0},"end":{"line":4,"column":58}},"4":{"start":{"line":6,"column":0},"end":{"line":6,"column":65}},"5":{"start":{"line":7,"column":0},"end":{"line":7,"column":67}},"6":{"start":{"line":8,"column":0},"end":{"line":8,"column":74}},"7":{"start":{"line":9,"column":0},"end":{"line":9,"column":61}},"8":{"start":{"line":10,"column":0},"end":{"line":10,"column":null}},"9":{"start":{"line":17,"column":0},"end":{"line":17,"column":77}},"10":{"start":{"line":20,"column":51},"end":{"line":97,"column":1}},"11":{"start":{"line":32,"column":15},"end":{"line":32,"column":35}},"12":{"start":{"line":33,"column":28},"end":{"line":33,"column":61}},"13":{"start":{"line":34,"column":19},"end":{"line":34,"column":32}},"14":{"start":{"line":35,"column":19},"end":{"line":35,"column":32}},"15":{"start":{"line":36,"column":21},"end":{"line":40,"column":3}},"16":{"start":{"line":36,"column":42},"end":{"line":40,"column":3}},"17":{"start":{"line":37,"column":4},"end":{"line":37,"column":35}},"18":{"start":{"line":38,"column":4},"end":{"line":38,"column":33}},"19":{"start":{"line":39,"column":4},"end":{"line":39,"column":28}},"20":{"start":{"line":41,"column":27},"end":{"line":53,"column":3}},"21":{"start":{"line":41,"column":48},"end":{"line":53,"column":3}},"22":{"start":{"line":42,"column":4},"end":{"line":42,"column":30}},"23":{"start":{"line":42,"column":23},"end":{"line":42,"column":28}},"24":{"start":{"line":43,"column":4},"end":{"line":52,"column":5}},"25":{"start":{"line":44,"column":6},"end":{"line":44,"column":42}},"26":{"start":{"line":45,"column":6},"end":{"line":45,"column":34}},"27":{"start":{"line":47,"column":6},"end":{"line":50,"column":8}},"28":{"start":{"line":51,"column":6},"end":{"line":51,"column":52}},"29":{"start":{"line":54,"column":2},"end":{"line":96,"column":4}},"30":{"start":{"line":20,"column":13},"end":{"line":20,"column":51}}},"fnMap":{"0":{"name":"(anonymous_0)","decl":{"start":{"line":20,"column":51},"end":{"line":20,"column":52}},"loc":{"start":{"line":31,"column":5},"end":{"line":97,"column":1}}},"1":{"name":"(anonymous_1)","decl":{"start":{"line":36,"column":21},"end":{"line":36,"column":22}},"loc":{"start":{"line":36,"column":42},"end":{"line":40,"column":3}}},"2":{"name":"(anonymous_2)","decl":{"start":{"line":36,"column":42},"end":{"line":36,"column":45}},"loc":{"start":{"line":36,"column":47},"end":{"line":40,"column":3}}},"3":{"name":"(anonymous_3)","decl":{"start":{"line":41,"column":27},"end":{"line":41,"column":28}},"loc":{"start":{"line":41,"column":48},"end":{"line":53,"column":3}}},"4":{"name":"(anonymous_4)","decl":{"start":{"line":41,"column":48},"end":{"line":41,"column":51}},"loc":{"start":{"line":41,"column":53},"end":{"line":53,"column":3}}},"5":{"name":"(anonymous_5)","decl":{"start":{"line":42,"column":13},"end":{"line":42,"column":14}},"loc":{"start":{"line":42,"column":23},"end":{"line":42,"column":28}}}},"branchMap":{"0":{"loc":{"start":{"line":43,"column":4},"end":{"line":52,"column":5}},"type":"if","locations":[{"start":{"line":43,"column":4},"end":{"line":52,"column":5}},{"start":{"line":46,"column":11},"end":{"line":52,"column":5}}]},"1":{"loc":{"start":{"line":74,"column":21},"end":{"line":74,"column":57}},"type":"cond-expr","locations":[{"start":{"line":74,"column":39},"end":{"line":74,"column":45}},{"start":{"line":74,"column":48},"end":{"line":74,"column":57}}]},"2":{"loc":{"start":{"line":76,"column":21},"end":{"line":76,"column":50}},"type":"cond-expr","locations":[{"start":{"line":76,"column":30},"end":{"line":76,"column":38}},{"start":{"line":76,"column":41},"end":{"line":76,"column":50}}]}},"s":{"0":1,"1":1,"2":1,"3":1,"4":1,"5":1,"6":1,"7":1,"8":1,"9":1,"10":1,"11":0,"12":0,"13":0,"14":0,"15":0,"16":0,"17":0,"18":0,"19":0,"20":0,"21":0,"22":0,"23":0,"24":0,"25":0,"26":0,"27":0,"28":0,"29":0,"30":1},"f":{"0":0,"1":0,"2":0,"3":0,"4":0,"5":0},"b":{"0":[0,0],"1":[0,0],"2":[0,0]}}
,"C:\\Users\\amaterasu\\Documents\\reactApps\\Modsen Art Museum\\src\\components\\SmallCardArt\\styled.ts": {"path":"C:\\Users\\amaterasu\\Documents\\reactApps\\Modsen Art Museum\\src\\components\\SmallCardArt\\styled.ts","statementMap":{"0":{"start":{"line":1,"column":0},"end":{"line":1,"column":39}},"1":{"start":{"line":2,"column":0},"end":{"line":2,"column":45}},"2":{"start":{"line":3,"column":13},"end":{"line":10,"column":2}},"3":{"start":{"line":4,"column":28},"end":{"line":4,"column":45}},"4":{"start":{"line":5,"column":21},"end":{"line":5,"column":38}},"5":{"start":{"line":8,"column":24},"end":{"line":8,"column":37}},"6":{"start":{"line":9,"column":37},"end":{"line":9,"column":58}},"7":{"start":{"line":11,"column":13},"end":{"line":20,"column":2}},"8":{"start":{"line":21,"column":13},"end":{"line":28,"column":2}},"9":{"start":{"line":23,"column":38},"end":{"line":23,"column":58}}},"fnMap":{"0":{"name":"(anonymous_0)","decl":{"start":{"line":4,"column":13},"end":{"line":4,"column":14}},"loc":{"start":{"line":4,"column":28},"end":{"line":4,"column":45}}},"1":{"name":"(anonymous_1)","decl":{"start":{"line":5,"column":6},"end":{"line":5,"column":7}},"loc":{"start":{"line":5,"column":21},"end":{"line":5,"column":38}}},"2":{"name":"(anonymous_2)","decl":{"start":{"line":8,"column":9},"end":{"line":8,"column":10}},"loc":{"start":{"line":8,"column":24},"end":{"line":8,"column":37}}},"3":{"name":"(anonymous_3)","decl":{"start":{"line":9,"column":22},"end":{"line":9,"column":23}},"loc":{"start":{"line":9,"column":37},"end":{"line":9,"column":58}}},"4":{"name":"(anonymous_4)","decl":{"start":{"line":23,"column":23},"end":{"line":23,"column":24}},"loc":{"start":{"line":23,"column":38},"end":{"line":23,"column":58}}}},"branchMap":{},"s":{"0":1,"1":1,"2":1,"3":0,"4":0,"5":0,"6":0,"7":1,"8":1,"9":0},"f":{"0":0,"1":0,"2":0,"3":0,"4":0},"b":{}}
,"C:\\Users\\amaterasu\\Documents\\reactApps\\Modsen Art Museum\\src\\components\\SmallSkeletonLoader\\styled.ts": {"path":"C:\\Users\\amaterasu\\Documents\\reactApps\\Modsen Art Museum\\src\\components\\SmallSkeletonLoader\\styled.ts","statementMap":{"0":{"start":{"line":1,"column":0},"end":{"line":1,"column":54}},"1":{"start":{"line":2,"column":14},"end":{"line":2,"column":17}},"2":{"start":{"line":3,"column":15},"end":{"line":3,"column":18}},"3":{"start":{"line":4,"column":26},"end":{"line":11,"column":2}},"4":{"start":{"line":13,"column":13},"end":{"line":19,"column":2}}},"fnMap":{},"branchMap":{},"s":{"0":1,"1":1,"2":1,"3":1,"4":1},"f":{},"b":{}}
,"C:\\Users\\amaterasu\\Documents\\reactApps\\Modsen Art Museum\\src\\components\\SpinLoader\\styled.ts": {"path":"C:\\Users\\amaterasu\\Documents\\reactApps\\Modsen Art Museum\\src\\components\\SpinLoader\\styled.ts","statementMap":{"0":{"start":{"line":1,"column":0},"end":{"line":1,"column":54}},"1":{"start":{"line":2,"column":13},"end":{"line":9,"column":2}},"2":{"start":{"line":11,"column":13},"end":{"line":13,"column":2}}},"fnMap":{},"branchMap":{},"s":{"0":1,"1":1,"2":1},"f":{},"b":{}}
,"C:\\Users\\amaterasu\\Documents\\reactApps\\Modsen Art Museum\\src\\components\\SwitcherPage\\constants.ts": {"path":"C:\\Users\\amaterasu\\Documents\\reactApps\\Modsen Art Museum\\src\\components\\SwitcherPage\\constants.ts","statementMap":{"0":{"start":{"line":1,"column":28},"end":{"line":1,"column":29}},"1":{"start":{"line":13,"column":2},"end":{"line":13,"column":13}},"2":{"start":{"line":2,"column":33},"end":{"line":2,"column":34}},"3":{"start":{"line":12,"column":2},"end":{"line":12,"column":18}},"4":{"start":{"line":3,"column":51},"end":{"line":3,"column":52}},"5":{"start":{"line":16,"column":2},"end":{"line":16,"column":36}},"6":{"start":{"line":4,"column":48},"end":{"line":4,"column":49}},"7":{"start":{"line":15,"column":2},"end":{"line":15,"column":33}},"8":{"start":{"line":5,"column":0},"end":{"line":5,"column":null}},"9":{"start":{"line":6,"column":2},"end":{"line":6,"column":null}},"10":{"start":{"line":7,"column":2},"end":{"line":7,"column":null}},"11":{"start":{"line":8,"column":2},"end":{"line":8,"column":null}},"12":{"start":{"line":9,"column":2},"end":{"line":9,"column":null}}},"fnMap":{"0":{"name":"(anonymous_0)","decl":{"start":{"line":5,"column":0},"end":{"line":5,"column":5}},"loc":{"start":{"line":5,"column":10},"end":{"line":10,"column":1}}}},"branchMap":{"0":{"loc":{"start":{"line":5,"column":5},"end":{"line":5,"column":null}},"type":"binary-expr","locations":[{"start":{"line":5,"column":5},"end":{"line":5,"column":10}},{"start":{"line":5,"column":10},"end":{"line":5,"column":null}}]}},"s":{"0":1,"1":1,"2":1,"3":1,"4":1,"5":1,"6":1,"7":1,"8":1,"9":1,"10":1,"11":1,"12":1},"f":{"0":1},"b":{"0":[1,1]}}
[...]
,"C:\\Users\\amaterasu\\Documents\\reactApps\\Modsen Art Museum\\src\\store\\slices\\anotherGallerySlice.ts": {"path":"C:\\Users\\amaterasu\\Documents\\reactApps\\Modsen Art Museum\\src\\store\\slices\\anotherGallerySlice.ts","statementMap":{"0":{"start":{"line":2,"column":0},"end":{"line":2,"column":47}},"1":{"start":{"line":4,"column":0},"end":{"line":4,"column":62}},"2":{"start":{"line":6,"column":45},"end":{"line":10,"column":2}},"3":{"start":{"line":12,"column":13},"end":{"line":38,"column":3}},"4":{"start":{"line":17,"column":6},"end":{"line":17,"column":39}},"5":{"start":{"line":21,"column":4},"end":{"line":36,"column":9}},"6":{"start":{"line":23,"column":8},"end":{"line":23,"column":31}},"7":{"start":{"line":24,"column":8},"end":{"line":24,"column":27}},"8":{"start":{"line":29,"column":10},"end":{"line":29,"column":43}},"9":{"start":{"line":30,"column":10},"end":{"line":30,"column":34}},"10":{"start":{"line":34,"column":8},"end":{"line":34,"column":37}},"11":{"start":{"line":35,"column":8},"end":{"line":35,"column":32}},"12":{"start":{"line":39,"column":0},"end":{"line":39,"column":43}},"13":{"start":{"line":40,"column":15},"end":{"line":40,"column":55}}},"fnMap":{"0":{"name":"(anonymous_0)","decl":{"start":{"line":16,"column":13},"end":{"line":16,"column":14}},"loc":{"start":{"line":16,"column":53},"end":{"line":18,"column":5}}},"1":{"name":"(anonymous_1)","decl":{"start":{"line":20,"column":17},"end":{"line":20,"column":18}},"loc":{"start":{"line":20,"column":29},"end":{"line":37,"column":3}}},"2":{"name":"(anonymous_2)","decl":{"start":{"line":22,"column":41},"end":{"line":22,"column":42}},"loc":{"start":{"line":22,"column":51},"end":{"line":25,"column":7}}},"3":{"name":"(anonymous_3)","decl":{"start":{"line":28,"column":8},"end":{"line":28,"column":9}},"loc":{"start":{"line":28,"column":48},"end":{"line":31,"column":9}}},"4":{"name":"(anonymous_4)","decl":{"start":{"line":33,"column":42},"end":{"line":33,"column":43}},"loc":{"start":{"line":33,"column":60},"end":{"line":36,"column":7}}}},"branchMap":{},"s":{"0":1,"1":1,"2":1,"3":1,"4":0,"5":1,"6":1,"7":1,"8":0,"9":0,"10":0,"11":0,"12":1,"13":1},"f":{"0":0,"1":1,"2":1,"3":0,"4":0},"b":{}}
,"C:\\Users\\amaterasu\\Documents\\reactApps\\Modsen Art Museum\\src\\store\\slices\\currentArtSlice.ts": {"path":"C:\\Users\\amaterasu\\Documents\\reactApps\\Modsen Art Museum\\src\\store\\slices\\currentArtSlice.ts","statementMap":{"0":{"start":{"line":2,"column":0},"end":{"line":2,"column":47}},"1":{"start":{"line":5,"column":38},"end":{"line":7,"column":2}},"2":{"start":{"line":8,"column":13},"end":{"line":16,"column":3}},"3":{"start":{"line":13,"column":6},"end":{"line":13,"column":47}},"4":{"start":{"line":17,"column":0},"end":{"line":17,"column":36}},"5":{"start":{"line":18,"column":15},"end":{"line":18,"column":54}}},"fnMap":{"0":{"name":"(anonymous_0)","decl":{"start":{"line":12,"column":19},"end":{"line":12,"column":20}},"loc":{"start":{"line":12,"column":64},"end":{"line":14,"column":5}}}},"branchMap":{},"s":{"0":1,"1":1,"2":1,"3":0,"4":1,"5":1},"f":{"0":0},"b":{}}
,"C:\\Users\\amaterasu\\Documents\\reactApps\\Modsen Art Museum\\src\\store\\slices\\favArtsSlice.ts": {"path":"C:\\Users\\amaterasu\\Documents\\reactApps\\Modsen Art Museum\\src\\store\\slices\\favArtsSlice.ts","statementMap":{"0":{"start":{"line":2,"column":0},"end":{"line":2,"column":47}},"1":{"start":{"line":5,"column":34},"end":{"line":7,"column":2}},"2":{"start":{"line":9,"column":13},"end":{"line":23,"column":3}},"3":{"start":{"line":14,"column":6},"end":{"line":14,"column":39}},"4":{"start":{"line":17,"column":6},"end":{"line":17,"column":38}},"5":{"start":{"line":20,"column":6},"end":{"line":20,"column":76}},"6":{"start":{"line":20,"column":49},"end":{"line":20,"column":73}},"7":{"start":{"line":24,"column":0},"end":{"line":24,"column":36}},"8":{"start":{"line":25,"column":13},"end":{"line":25,"column":55}}},"fnMap":{"0":{"name":"(anonymous_0)","decl":{"start":{"line":13,"column":16},"end":{"line":13,"column":17}},"loc":{"start":{"line":13,"column":59},"end":{"line":15,"column":5}}},"1":{"name":"(anonymous_1)","decl":{"start":{"line":16,"column":14},"end":{"line":16,"column":15}},"loc":{"start":{"line":16,"column":55},"end":{"line":18,"column":5}}},"2":{"name":"(anonymous_2)","decl":{"start":{"line":19,"column":19},"end":{"line":19,"column":20}},"loc":{"start":{"line":19,"column":60},"end":{"line":21,"column":5}}},"3":{"name":"(anonymous_3)","decl":{"start":{"line":20,"column":41},"end":{"line":20,"column":42}},"loc":{"start":{"line":20,"column":49},"end":{"line":20,"column":73}}}},"branchMap":{},"s":{"0":1,"1":1,"2":1,"3":1,"4":0,"5":0,"6":0,"7":1,"8":1},"f":{"0":1,"1":0,"2":0,"3":0},"b":{}}
,"C:\\Users\\amaterasu\\Documents\\reactApps\\Modsen Art Museum\\src\\store\\slices\\gallerySlice.ts": {"path":"C:\\Users\\amaterasu\\Documents\\reactApps\\Modsen Art Museum\\src\\store\\slices\\gallerySlice.ts","statementMap":{"0":{"start":{"line":2,"column":0},"end":{"line":2,"column":47}},"1":{"start":{"line":4,"column":0},"end":{"line":4,"column":48}},"2":{"start":{"line":6,"column":38},"end":{"line":11,"column":2}},"3":{"start":{"line":13,"column":13},"end":{"line":39,"column":3}},"4":{"start":{"line":18,"column":6},"end":{"line":18,"column":39}},"5":{"start":{"line":21,"column":6},"end":{"line":21,"column":40}},"6":{"start":{"line":25,"column":4},"end":{"line":37,"column":9}},"7":{"start":{"line":27,"column":8},"end":{"line":27,"column":31}},"8":{"start":{"line":28,"column":8},"end":{"line":28,"column":27}},"9":{"start":{"line":31,"column":8},"end":{"line":31,"column":41}},"10":{"start":{"line":32,"column":8},"end":{"line":32,"column":32}},"11":{"start":{"line":35,"column":8},"end":{"line":35,"column":37}},"12":{"start":{"line":36,"column":8},"end":{"line":36,"column":32}},"13":{"start":{"line":40,"column":0},"end":{"line":40,"column":36}},"14":{"start":{"line":41,"column":13},"end":{"line":41,"column":36}}},"fnMap":{"0":{"name":"(anonymous_0)","decl":{"start":{"line":17,"column":13},"end":{"line":17,"column":14}},"loc":{"start":{"line":17,"column":53},"end":{"line":19,"column":5}}},"1":{"name":"(anonymous_1)","decl":{"start":{"line":20,"column":13},"end":{"line":20,"column":14}},"loc":{"start":{"line":20,"column":54},"end":{"line":22,"column":5}}},"2":{"name":"(anonymous_2)","decl":{"start":{"line":24,"column":17},"end":{"line":24,"column":18}},"loc":{"start":{"line":24,"column":29},"end":{"line":38,"column":3}}},"3":{"name":"(anonymous_3)","decl":{"start":{"line":26,"column":34},"end":{"line":26,"column":35}},"loc":{"start":{"line":26,"column":44},"end":{"line":29,"column":7}}},"4":{"name":"(anonymous_4)","decl":{"start":{"line":30,"column":36},"end":{"line":30,"column":37}},"loc":{"start":{"line":30,"column":76},"end":{"line":33,"column":7}}},"5":{"name":"(anonymous_5)","decl":{"start":{"line":34,"column":35},"end":{"line":34,"column":36}},"loc":{"start":{"line":34,"column":53},"end":{"line":37,"column":7}}}},"branchMap":{},"s":{"0":1,"1":1,"2":1,"3":1,"4":0,"5":0,"6":1,"7":1,"8":1,"9":0,"10":0,"11":0,"12":0,"13":1,"14":1},"f":{"0":0,"1":0,"2":1,"3":1,"4":0,"5":0},"b":{}}
,"C:\\Users\\amaterasu\\Documents\\reactApps\\Modsen Art Museum\\src\\store\\slices\\homeSlice.ts": {"path":"C:\\Users\\amaterasu\\Documents\\reactApps\\Modsen Art Museum\\src\\store\\slices\\homeSlice.ts","statementMap":{"0":{"start":{"line":2,"column":0},"end":{"line":2,"column":47}},"1":{"start":{"line":4,"column":46},"end":{"line":6,"column":2}},"2":{"start":{"line":8,"column":13},"end":{"line":16,"column":3}},"3":{"start":{"line":13,"column":6},"end":{"line":13,"column":40}},"4":{"start":{"line":17,"column":0},"end":{"line":17,"column":33}},"5":{"start":{"line":18,"column":15},"end":{"line":18,"column":51}}},"fnMap":{"0":{"name":"(anonymous_0)","decl":{"start":{"line":12,"column":19},"end":{"line":12,"column":20}},"loc":{"start":{"line":12,"column":61},"end":{"line":14,"column":5}}}},"branchMap":{},"s":{"0":1,"1":1,"2":1,"3":0,"4":1,"5":1},"f":{"0":0},"b":{}}
,"C:\\Users\\amaterasu\\Documents\\reactApps\\Modsen Art Museum\\src\\store\\slices\\rootSlice.ts": {"path":"C:\\Users\\amaterasu\\Documents\\reactApps\\Modsen Art Museum\\src\\store\\slices\\rootSlice.ts","statementMap":{"0":{"start":{"line":1,"column":0},"end":{"line":1,"column":51}},"1":{"start":{"line":2,"column":0},"end":{"line":2,"column":56}},"2":{"start":{"line":3,"column":0},"end":{"line":3,"column":45}},"3":{"start":{"line":4,"column":0},"end":{"line":4,"column":42}},"4":{"start":{"line":5,"column":0},"end":{"line":5,"column":42}},"5":{"start":{"line":6,"column":0},"end":{"line":6,"column":36}},"6":{"start":{"line":7,"column":0},"end":{"line":7,"column":58}},"7":{"start":{"line":9,"column":13},"end":{"line":16,"column":3}}},"fnMap":{},"branchMap":{},"s":{"0":1,"1":1,"2":1,"3":1,"4":1,"5":1,"6":1,"7":1},"f":{},"b":{}}
,"C:\\Users\\amaterasu\\Documents\\reactApps\\Modsen Art Museum\\src\\store\\slices\\searchedGallerySlice.ts": {"path":"C:\\Users\\amaterasu\\Documents\\reactApps\\Modsen Art Museum\\src\\store\\slices\\searchedGallerySlice.ts","statementMap":{"0":{"start":{"line":2,"column":0},"end":{"line":2,"column":47}},"1":{"start":{"line":7,"column":0},"end":{"line":7,"column":69}},"2":{"start":{"line":9,"column":46},"end":{"line":14,"column":2}},"3":{"start":{"line":16,"column":13},"end":{"line":45,"column":3}},"4":{"start":{"line":21,"column":6},"end":{"line":21,"column":47}},"5":{"start":{"line":24,"column":6},"end":{"line":24,"column":53}},"6":{"start":{"line":28,"column":4},"end":{"line":43,"column":9}},"7":{"start":{"line":30,"column":8},"end":{"line":30,"column":31}},"8":{"start":{"line":31,"column":8},"end":{"line":31,"column":27}},"9":{"start":{"line":36,"column":10},"end":{"line":36,"column":59}},"10":{"start":{"line":37,"column":10},"end":{"line":37,"column":34}},"11":{"start":{"line":41,"column":8},"end":{"line":41,"column":37}},"12":{"start":{"line":42,"column":8},"end":{"line":42,"column":32}},"13":{"start":{"line":46,"column":0},"end":{"line":46,"column":43}},"14":{"start":{"line":47,"column":13},"end":{"line":47,"column":null}}},"fnMap":{"0":{"name":"(anonymous_0)","decl":{"start":{"line":20,"column":21},"end":{"line":20,"column":22}},"loc":{"start":{"line":20,"column":61},"end":{"line":22,"column":5}}},"1":{"name":"(anonymous_1)","decl":{"start":{"line":23,"column":34},"end":{"line":23,"column":35}},"loc":{"start":{"line":23,"column":76},"end":{"line":25,"column":5}}},"2":{"name":"(anonymous_2)","decl":{"start":{"line":27,"column":17},"end":{"line":27,"column":18}},"loc":{"start":{"line":27,"column":29},"end":{"line":44,"column":3}}},"3":{"name":"(anonymous_3)","decl":{"start":{"line":29,"column":45},"end":{"line":29,"column":46}},"loc":{"start":{"line":29,"column":55},"end":{"line":32,"column":7}}},"4":{"name":"(anonymous_4)","decl":{"start":{"line":35,"column":8},"end":{"line":35,"column":9}},"loc":{"start":{"line":35,"column":58},"end":{"line":38,"column":9}}},"5":{"name":"(anonymous_5)","decl":{"start":{"line":40,"column":46},"end":{"line":40,"column":47}},"loc":{"start":{"line":40,"column":64},"end":{"line":43,"column":7}}}},"branchMap":{"0":{"loc":{"start":{"line":36,"column":36},"end":{"line":36,"column":56}},"type":"binary-expr","locations":[{"start":{"line":36,"column":36},"end":{"line":36,"column":50}},{"start":{"line":36,"column":54},"end":{"line":36,"column":56}}]}},"s":{"0":1,"1":1,"2":1,"3":1,"4":0,"5":0,"6":1,"7":1,"8":1,"9":0,"10":0,"11":0,"12":0,"13":1,"14":1},"f":{"0":0,"1":0,"2":1,"3":1,"4":0,"5":0},"b":{"0":[0,0]}}
,"C:\\Users\\amaterasu\\Documents\\reactApps\\Modsen Art Museum\\src\\store\\thunks\\fetchAnotherArts.ts": {"path":"C:\\Users\\amaterasu\\Documents\\reactApps\\Modsen Art Museum\\src\\store\\thunks\\fetchAnotherArts.ts","statementMap":{"0":{"start":{"line":1,"column":0},"end":{"line":1,"column":60}},"1":{"start":{"line":3,"column":0},"end":{"line":3,"column":52}},"2":{"start":{"line":4,"column":0},"end":{"line":4,"column":26}},"3":{"start":{"line":6,"column":13},"end":{"line":20,"column":2}},"4":{"start":{"line":9,"column":4},"end":{"line":18,"column":5}},"5":{"start":{"line":10,"column":18},"end":{"line":12,"column":8}},"6":{"start":{"line":13,"column":6},"end":{"line":13,"column":73}},"7":{"start":{"line":13,"column":33},"end":{"line":13,"column":73}},"8":{"start":{"line":15,"column":6},"end":{"line":15,"column":27}},"9":{"start":{"line":17,"column":6},"end":{"line":17,"column":48}}},"fnMap":{"0":{"name":"(anonymous_0)","decl":{"start":{"line":8,"column":2},"end":{"line":8,"column":7}},"loc":{"start":{"line":8,"column":35},"end":{"line":19,"column":3}}}},"branchMap":{"0":{"loc":{"start":{"line":13,"column":6},"end":{"line":13,"column":73}},"type":"if","locations":[{"start":{"line":13,"column":6},"end":{"line":13,"column":73}}]}},"s":{"0":1,"1":1,"2":1,"3":1,"4":1,"5":1,"6":0,"7":0,"8":0,"9":0},"f":{"0":1},"b":{"0":[0]}}
,"C:\\Users\\amaterasu\\Documents\\reactApps\\Modsen Art Museum\\src\\store\\thunks\\fetchArts.ts": {"path":"C:\\Users\\amaterasu\\Documents\\reactApps\\Modsen Art Museum\\src\\store\\thunks\\fetchArts.ts","statementMap":{"0":{"start":{"line":1,"column":0},"end":{"line":1,"column":56}},"1":{"start":{"line":3,"column":0},"end":{"line":3,"column":52}},"2":{"start":{"line":4,"column":0},"end":{"line":4,"column":26}},"3":{"start":{"line":6,"column":13},"end":{"line":19,"column":2}},"4":{"start":{"line":9,"column":4},"end":{"line":17,"column":5}},"5":{"start":{"line":10,"column":18},"end":{"line":12,"column":8}},"6":{"start":{"line":13,"column":6},"end":{"line":13,"column":73}},"7":{"start":{"line":13,"column":33},"end":{"line":13,"column":73}},"8":{"start":{"line":14,"column":6},"end":{"line":14,"column":27}},"9":{"start":{"line":16,"column":6},"end":{"line":16,"column":48}}},"fnMap":{"0":{"name":"(anonymous_0)","decl":{"start":{"line":8,"column":2},"end":{"line":8,"column":7}},"loc":{"start":{"line":8,"column":44},"end":{"line":18,"column":3}}}},"branchMap":{"0":{"loc":{"start":{"line":13,"column":6},"end":{"line":13,"column":73}},"type":"if","locations":[{"start":{"line":13,"column":6},"end":{"line":13,"column":73}}]}},"s":{"0":1,"1":1,"2":1,"3":1,"4":1,"5":1,"6":0,"7":0,"8":0,"9":0},"f":{"0":1},"b":{"0":[0]}}
,"C:\\Users\\amaterasu\\Documents\\reactApps\\Modsen Art Museum\\src\\store\\thunks\\fetchResultOfSearch.ts": {"path":"C:\\Users\\amaterasu\\Documents\\reactApps\\Modsen Art Museum\\src\\store\\thunks\\fetchResultOfSearch.ts","statementMap":{"0":{"start":{"line":5,"column":0},"end":{"line":5,"column":60}},"1":{"start":{"line":6,"column":0},"end":{"line":6,"column":50}},"2":{"start":{"line":7,"column":0},"end":{"line":7,"column":52}},"3":{"start":{"line":8,"column":0},"end":{"line":8,"column":45}},"4":{"start":{"line":10,"column":13},"end":{"line":34,"column":2}},"5":{"start":{"line":13,"column":4},"end":{"line":32,"column":5}},"6":{"start":{"line":14,"column":24},"end":{"line":18,"column":8}},"7":{"start":{"line":19,"column":6},"end":{"line":19,"column":79}},"8":{"start":{"line":19,"column":39},"end":{"line":19,"column":79}},"9":{"start":{"line":20,"column":23},"end":{"line":21,"column":null}},"10":{"start":{"line":21,"column":8},"end":{"line":21,"column":41}},"11":{"start":{"line":23,"column":38},"end":{"line":23,"column":63}},"12":{"start":{"line":24,"column":26},"end":{"line":25,"column":null}},"13":{"start":{"line":25,"column":42},"end":{"line":25,"column":60}},"14":{"start":{"line":27,"column":24},"end":{"line":27,"column":59}},"15":{"start":{"line":29,"column":6},"end":{"line":29,"column":23}},"16":{"start":{"line":31,"column":6},"end":{"line":31,"column":25}}},"fnMap":{"0":{"name":"(anonymous_0)","decl":{"start":{"line":12,"column":2},"end":{"line":12,"column":7}},"loc":{"start":{"line":12,"column":73},"end":{"line":33,"column":3}}},"1":{"name":"(anonymous_1)","decl":{"start":{"line":20,"column":47},"end":{"line":20,"column":48}},"loc":{"start":{"line":21,"column":8},"end":{"line":21,"column":41}}},"2":{"name":"(anonymous_2)","decl":{"start":{"line":25,"column":8},"end":{"line":25,"column":9}},"loc":{"start":{"line":25,"column":42},"end":{"line":25,"column":60}}}},"branchMap":{"0":{"loc":{"start":{"line":19,"column":6},"end":{"line":19,"column":79}},"type":"if","locations":[{"start":{"line":19,"column":6},"end":{"line":19,"column":79}}]}},"s":{"0":1,"1":1,"2":1,"3":1,"4":1,"5":0,"6":0,"7":0,"8":0,"9":0,"10":0,"11":0,"12":0,"13":0,"14":0,"15":0,"16":0},"f":{"0":0,"1":0,"2":0},"b":{"0":[0]}}
,"C:\\Users\\amaterasu\\Documents\\reactApps\\Modsen Art Museum\\src\\theme\\globalStyle.ts": {"path":"C:\\Users\\amaterasu\\Documents\\reactApps\\Modsen Art Museum\\src\\theme\\globalStyle.ts","statementMap":{"0":{"start":{"line":1,"column":0},"end":{"line":1,"column":54}},"1":{"start":{"line":3,"column":13},"end":{"line":45,"column":2}}},"fnMap":{},"branchMap":{},"s":{"0":1,"1":1},"f":{},"b":{}}
,"C:\\Users\\amaterasu\\Documents\\reactApps\\Modsen Art Museum\\src\\theme\\index.ts": {"path":"C:\\Users\\amaterasu\\Documents\\reactApps\\Modsen Art Museum\\src\\theme\\index.ts","statementMap":{"0":{"start":{"line":1,"column":0},"end":{"line":1,"column":30}},"1":{"start":{"line":2,"column":0},"end":{"line":2,"column":24}}},"fnMap":{},"branchMap":{},"s":{"0":1,"1":1},"f":{},"b":{}}
,"C:\\Users\\amaterasu\\Documents\\reactApps\\Modsen Art Museum\\src\\theme\\theme.ts": {"path":"C:\\Users\\amaterasu\\Documents\\reactApps\\Modsen Art Museum\\src\\theme\\theme.ts","statementMap":{"0":{"start":{"line":1,"column":18},"end":{"line":1,"column":46}},"1":{"start":{"line":2,"column":20},"end":{"line":2,"column":35}},"2":{"start":{"line":3,"column":20},"end":{"line":3,"column":52}},"3":{"start":{"line":4,"column":15},"end":{"line":14,"column":2}},"4":{"start":{"line":15,"column":15},"end":{"line":15,"column":48}},"5":{"start":{"line":16,"column":14},"end":{"line":18,"column":2}},"6":{"start":{"line":19,"column":13},"end":{"line":19,"column":44}},"7":{"start":{"line":20,"column":20},"end":{"line":20,"column":36}},"8":{"start":{"line":21,"column":17},"end":{"line":21,"column":54}},"9":{"start":{"line":22,"column":16},"end":{"line":22,"column":62}},"10":{"start":{"line":23,"column":13},"end":{"line":23,"column":34}},"11":{"start":{"line":24,"column":17},"end":{"line":24,"column":43}},"12":{"start":{"line":25,"column":15},"end":{"line":25,"column":29}},"13":{"start":{"line":27,"column":13},"end":{"line":41,"column":2}}},"fnMap":{},"branchMap":{},"s":{"0":1,"1":1,"2":1,"3":1,"4":1,"5":1,"6":1,"7":1,"8":1,"9":1,"10":1,"11":1,"12":1,"13":1},"f":{},"b":{}}
}
