TN:
SF:src\App.tsx
FN:13,App
FN:15,(anonymous_1)
FNF:2
FNH:2
FNDA:8,App
FNDA:8,(anonymous_1)
DA:1,1
DA:2,1
DA:3,1
DA:4,1
DA:5,1
DA:6,1
DA:7,1
DA:8,1
DA:9,1
DA:10,1
DA:11,1
DA:12,1
DA:14,8
DA:15,8
DA:16,8
DA:18,8
DA:33,1
LF:17
LH:17
BRF:0
BRH:0
end_of_record
TN:
SF:src\Pages\Art\artPage.tsx
FN:21,(anonymous_0)
FNF:1
FNH:0
FNDA:0,(anonymous_0)
DA:1,1
DA:2,1
DA:3,1
DA:4,1
DA:6,1
DA:7,1
DA:21,1
DA:22,0
DA:23,0
DA:24,0
LF:10
LH:7
BRDA:40,0,0,0
BRDA:40,0,1,0
BRDA:64,1,0,0
BRDA:64,1,1,0
BRF:4
BRH:0
end_of_record
TN:
SF:src\Pages\Art\styled.ts
FN:6,(anonymous_0)
FN:7,(anonymous_1)
FN:9,(anonymous_2)
FN:19,(anonymous_3)
FN:25,(anonymous_4)
FN:31,(anonymous_5)
FN:41,(anonymous_6)
FN:46,(anonymous_7)
FN:51,(anonymous_8)
FN:53,(anonymous_9)
FN:65,(anonymous_10)
FN:66,(anonymous_11)
FN:67,(anonymous_12)
FN:68,(anonymous_13)
FN:72,(anonymous_14)
FN:73,(anonymous_15)
FN:74,(anonymous_16)
FN:75,(anonymous_17)
FN:77,(anonymous_18)
FN:82,(anonymous_19)
FN:87,(anonymous_20)
FN:92,(anonymous_21)
FN:102,(anonymous_22)
FN:103,(anonymous_23)
FN:104,(anonymous_24)
FN:105,(anonymous_25)
FN:110,(anonymous_26)
FN:112,(anonymous_27)
FN:115,(anonymous_28)
FN:124,(anonymous_29)
FN:125,(anonymous_30)
FN:126,(anonymous_31)
FN:127,(anonymous_32)
FN:128,(anonymous_33)
FN:131,(anonymous_34)
FNF:35
FNH:0
FNDA:0,(anonymous_0)
FNDA:0,(anonymous_1)
FNDA:0,(anonymous_2)
FNDA:0,(anonymous_3)
FNDA:0,(anonymous_4)
FNDA:0,(anonymous_5)
FNDA:0,(anonymous_6)
FNDA:0,(anonymous_7)
FNDA:0,(anonymous_8)
FNDA:0,(anonymous_9)
FNDA:0,(anonymous_10)
FNDA:0,(anonymous_11)
FNDA:0,(anonymous_12)
FNDA:0,(anonymous_13)
FNDA:0,(anonymous_14)
FNDA:0,(anonymous_15)
FNDA:0,(anonymous_16)
FNDA:0,(anonymous_17)
FNDA:0,(anonymous_18)
FNDA:0,(anonymous_19)
FNDA:0,(anonymous_20)
FNDA:0,(anonymous_21)
FNDA:0,(anonymous_22)
FNDA:0,(anonymous_23)
FNDA:0,(anonymous_24)
FNDA:0,(anonymous_25)
FNDA:0,(anonymous_26)
FNDA:0,(anonymous_27)
FNDA:0,(anonymous_28)
FNDA:0,(anonymous_29)
FNDA:0,(anonymous_30)
FNDA:0,(anonymous_31)
FNDA:0,(anonymous_32)
FNDA:0,(anonymous_33)
FNDA:0,(anonymous_34)
DA:1,1
DA:2,1
DA:4,1
DA:6,0
DA:7,0
DA:9,0
DA:16,1
DA:19,0
DA:25,0
DA:31,0
DA:38,1
DA:41,0
DA:46,0
DA:51,0
DA:53,0
DA:58,1
DA:63,1
DA:65,0
DA:66,0
DA:67,0
DA:68,0
DA:70,1
DA:72,0
DA:73,0
DA:74,0
DA:75,0
DA:77,0
DA:81,1
DA:82,0
DA:87,0
DA:92,0
DA:98,1
DA:99,1
DA:100,1
DA:101,1
DA:102,0
DA:103,0
DA:104,0
DA:105,0
DA:110,0
DA:112,0
DA:115,0
DA:122,1
DA:124,0
DA:125,0
DA:126,0
DA:127,0
DA:128,0
DA:131,0
LF:49
LH:14
BRF:0
BRH:0
end_of_record
TN:
SF:src\Pages\Favorite\favorite.tsx
FN:16,(anonymous_0)
FN:30,(anonymous_1)
FNF:2
FNH:1
FNDA:3,(anonymous_0)
FNDA:0,(anonymous_1)
DA:1,1
DA:3,1
DA:5,1
DA:6,1
DA:7,1
DA:8,1
DA:9,1
DA:16,1
DA:17,3
DA:18,3
DA:31,0
LF:11
LH:10
BRDA:28,0,0,0
BRDA:28,0,1,3
BRF:2
BRH:1
end_of_record
TN:
SF:src\Pages\Favorite\styled.ts
FN:15,(anonymous_0)
FN:16,(anonymous_1)
FN:19,(anonymous_2)
FNF:3
FNH:3
FNDA:3,(anonymous_0)
FNDA:3,(anonymous_1)
FNDA:3,(anonymous_2)
DA:1,1
DA:3,1
DA:8,1
DA:14,1
DA:15,3
DA:16,3
DA:18,1
DA:19,3
LF:8
LH:8
BRF:0
BRH:0
end_of_record
TN:
SF:src\Pages\Main\MainPage.tsx
FN:10,(anonymous_0)
FNF:1
FNH:1
FNDA:11,(anonymous_0)
DA:1,1
DA:2,1
DA:3,1
DA:4,1
DA:5,1
DA:6,1
DA:7,1
DA:10,1
DA:11,11
LF:9
LH:9
BRF:0
BRH:0
end_of_record
TN:
SF:src\components\CardArt\index.tsx
FN:22,(anonymous_0)
FN:38,(anonymous_1)
FN:38,(anonymous_2)
FN:43,(anonymous_3)
FN:43,(anonymous_4)
FN:44,(anonymous_5)
FN:57,(anonymous_6)
FNF:7
FNH:4
FNDA:33,(anonymous_0)
FNDA:33,(anonymous_1)
FNDA:0,(anonymous_2)
FNDA:33,(anonymous_3)
FNDA:0,(anonymous_4)
FNDA:0,(anonymous_5)
FNDA:12,(anonymous_6)
DA:1,1
DA:3,1
DA:4,1
DA:5,1
DA:6,1
DA:7,1
DA:8,1
DA:9,1
DA:10,1
DA:22,1
DA:34,33
DA:35,33
DA:36,33
DA:37,33
DA:38,33
DA:39,0
DA:40,0
DA:41,0
DA:43,33
DA:44,0
DA:45,0
DA:46,0
DA:47,0
DA:49,0
DA:53,0
DA:57,33
DA:58,12
DA:59,12
DA:60,0
DA:62,33
LF:30
LH:20
BRDA:45,0,0,0
BRDA:45,0,1,0
BRDA:59,1,0,12
BRDA:83,2,0,33
BRDA:83,2,1,0
BRDA:85,3,0,33
BRDA:85,3,1,0
BRF:7
BRH:3
end_of_record
TN:
SF:src\components\CardArt\styled.ts
FN:12,(anonymous_0)
FN:20,(anonymous_1)
FN:21,(anonymous_2)
FN:22,(anonymous_3)
FN:29,(anonymous_4)
FN:30,(anonymous_5)
FN:31,(anonymous_6)
FN:32,(anonymous_7)
FN:44,(anonymous_8)
FN:45,(anonymous_9)
FN:46,(anonymous_10)
FN:47,(anonymous_11)
FN:52,(anonymous_12)
FN:61,(anonymous_13)
FN:62,(anonymous_14)
FN:63,(anonymous_15)
FN:77,(anonymous_16)
FNF:17
FNH:17
FNDA:33,(anonymous_0)
FNDA:114,(anonymous_1)
FNDA:114,(anonymous_2)
FNDA:114,(anonymous_3)
FNDA:114,(anonymous_4)
FNDA:114,(anonymous_5)
FNDA:114,(anonymous_6)
FNDA:114,(anonymous_7)
FNDA:114,(anonymous_8)
FNDA:114,(anonymous_9)
FNDA:114,(anonymous_10)
FNDA:114,(anonymous_11)
FNDA:114,(anonymous_12)
FNDA:33,(anonymous_13)
FNDA:33,(anonymous_14)
FNDA:33,(anonymous_15)
FNDA:114,(anonymous_16)
DA:1,1
DA:3,1
DA:12,33
DA:19,1
DA:20,114
DA:21,114
DA:22,114
DA:28,1
DA:29,114
DA:30,114
DA:31,114
DA:32,114
DA:35,1
DA:42,1
DA:44,114
DA:45,114
DA:46,114
DA:47,114
DA:50,1
DA:52,114
DA:56,1
DA:57,1
DA:61,33
DA:62,33
DA:63,33
DA:68,1
DA:78,114
DA:80,1
LF:28
LH:28
BRDA:78,0,0,0
BRDA:78,0,1,114
BRF:2
BRH:1
end_of_record
TN:
SF:src\components\ContentWrapper\styled.ts
FNF:0
FNH:0
DA:1,1
DA:3,1
LF:2
LH:2
BRF:0
BRH:0
end_of_record
TN:
SF:src\components\ErrorBoundary\index.tsx
FN:8,(anonymous_0)
FN:13,(anonymous_1)
FN:20,(anonymous_2)
FNF:3
FNH:2
FNDA:11,(anonymous_0)
FNDA:0,(anonymous_1)
FNDA:11,(anonymous_2)
DA:1,1
DA:4,1
DA:9,11
DA:10,11
DA:14,0
DA:21,11
DA:22,0
DA:29,11
LF:8
LH:6
BRDA:21,0,0,0
BRDA:25,1,0,0
BRDA:25,1,1,0
BRF:3
BRH:0
end_of_record
TN:
SF:src\components\Footer\index.tsx
FN:5,(anonymous_0)
FNF:1
FNH:1
FNDA:8,(anonymous_0)
DA:2,1
DA:3,1
DA:5,1
DA:6,8
LF:4
LH:4
BRF:0
BRH:0
end_of_record
TN:
SF:src\components\Footer\styled.ts
FN:11,(anonymous_0)
FN:13,(anonymous_1)
FNF:2
FNH:2
FNDA:8,(anonymous_0)
FNDA:8,(anonymous_1)
DA:1,1
DA:3,1
DA:11,8
DA:13,8
DA:20,1
DA:21,1
LF:6
LH:6
BRF:0
BRH:0
end_of_record
TN:
SF:src\components\Gallery\index.tsx
FN:19,(anonymous_0)
FN:24,(anonymous_1)
FN:27,(anonymous_2)
FN:36,(anonymous_3)
FNF:4
FNH:4
FNDA:23,(anonymous_0)
FNDA:11,(anonymous_1)
FNDA:20,(anonymous_2)
FNDA:33,(anonymous_3)
DA:1,1
DA:3,1
DA:8,1
DA:9,1
DA:14,1
DA:15,1
DA:16,1
DA:17,1
DA:18,1
DA:19,1
DA:20,23
DA:21,23
DA:22,23
DA:23,23
DA:24,23
DA:25,11
DA:27,23
DA:28,20
DA:30,23
DA:47,33
DA:48,33
DA:49,33
DA:50,33
DA:53,33
LF:24
LH:24
BRDA:32,0,0,12
BRDA:32,0,1,11
BRDA:34,1,0,12
BRDA:34,1,1,12
BRDA:50,2,0,33
BRDA:50,2,1,0
BRF:6
BRH:5
end_of_record
TN:
SF:src\components\Gallery\styled.ts
FN:6,(anonymous_0)
FN:7,(anonymous_1)
FN:8,(anonymous_2)
FN:19,(anonymous_3)
FN:26,(anonymous_4)
FNF:5
FNH:5
FNDA:12,(anonymous_0)
FNDA:12,(anonymous_1)
FNDA:12,(anonymous_2)
FNDA:23,(anonymous_3)
FNDA:11,(anonymous_4)
DA:1,1
DA:3,1
DA:6,12
DA:7,12
DA:8,12
DA:15,1
DA:19,23
DA:21,1
DA:26,11
LF:9
LH:9
BRF:0
BRH:0
end_of_record
TN:
SF:src\components\Header\index.tsx
FN:18,(anonymous_0)
FN:22,(anonymous_1)
FN:27,(anonymous_2)
FN:30,(anonymous_3)
FN:35,(anonymous_4)
FN:39,(anonymous_5)
FNF:6
FNH:4
FNDA:14,(anonymous_0)
FNDA:3,(anonymous_1)
FNDA:0,(anonymous_2)
FNDA:2,(anonymous_3)
FNDA:13,(anonymous_4)
FNDA:0,(anonymous_5)
DA:1,1
DA:2,1
DA:3,1
DA:4,1
DA:5,1
DA:6,1
DA:7,1
DA:8,1
DA:18,1
DA:19,14
DA:20,14
DA:21,14
DA:22,14
DA:23,3
DA:24,3
DA:25,3
DA:27,14
DA:28,0
DA:30,14
DA:31,2
DA:32,2
DA:33,2
DA:35,14
DA:36,13
DA:38,14
DA:39,14
DA:40,0
DA:42,14
LF:28
LH:26
BRF:0
BRH:0
end_of_record
TN:
SF:src\components\Header\styled.ts
FN:16,(anonymous_0)
FN:17,(anonymous_1)
FN:30,(anonymous_2)
FN:31,(anonymous_3)
FN:38,(anonymous_4)
FN:43,(anonymous_5)
FN:44,(anonymous_6)
FN:46,(anonymous_7)
FN:54,(anonymous_8)
FN:55,(anonymous_9)
FN:58,(anonymous_10)
FN:66,(anonymous_11)
FN:67,(anonymous_12)
FN:68,(anonymous_13)
FN:82,(anonymous_14)
FNF:15
FNH:15
FNDA:14,(anonymous_0)
FNDA:14,(anonymous_1)
FNDA:28,(anonymous_2)
FNDA:28,(anonymous_3)
FNDA:28,(anonymous_4)
FNDA:14,(anonymous_5)
FNDA:14,(anonymous_6)
FNDA:14,(anonymous_7)
FNDA:14,(anonymous_8)
FNDA:14,(anonymous_9)
FNDA:14,(anonymous_10)
FNDA:14,(anonymous_11)
FNDA:14,(anonymous_12)
FNDA:14,(anonymous_13)
FNDA:14,(anonymous_14)
DA:1,1
DA:3,1
DA:16,14
DA:17,14
DA:28,1
DA:29,1
DA:30,28
DA:31,28
DA:38,28
DA:40,1
DA:43,14
DA:44,14
DA:46,14
DA:51,1
DA:52,1
DA:54,14
DA:55,14
DA:58,14
DA:66,14
DA:67,14
DA:68,14
DA:72,1
DA:75,1
DA:82,14
DA:88,1
LF:25
LH:25
BRDA:43,0,0,10
BRDA:43,0,1,4
BRDA:46,1,0,10
BRDA:46,1,1,4
BRDA:55,2,0,0
BRDA:55,2,1,14
BRF:6
BRH:5
end_of_record
TN:
SF:src\components\MagnifierLoader\styled.ts
FNF:0
FNH:0
DA:1,1
DA:3,1
DA:12,1
LF:3
LH:3
BRF:0
BRH:0
end_of_record
TN:
SF:src\components\OtherWorksGallery\index.tsx
FN:17,(anonymous_0)
FN:21,(anonymous_1)
FN:27,(anonymous_2)
FNF:3
FNH:3
FNDA:21,(anonymous_0)
FNDA:11,(anonymous_1)
FNDA:99,(anonymous_2)
DA:1,1
DA:2,1
DA:4,1
DA:9,1
DA:13,1
DA:14,1
DA:15,1
DA:16,1
DA:17,1
DA:18,21
DA:19,21
DA:20,21
DA:21,21
DA:22,11
DA:24,21
DA:38,99
DA:39,99
DA:40,99
DA:41,99
DA:44,99
LF:20
LH:20
BRDA:41,0,0,55
BRDA:41,0,1,44
BRDA:44,1,0,81
BRDA:44,1,1,18
BRF:4
BRH:4
end_of_record
TN:
SF:src\components\OtherWorksGallery\styled.ts
FN:5,(anonymous_0)
FN:6,(anonymous_1)
FN:7,(anonymous_2)
FN:8,(anonymous_3)
FN:9,(anonymous_4)
FN:10,(anonymous_5)
FN:17,(anonymous_6)
FNF:7
FNH:7
FNDA:21,(anonymous_0)
FNDA:21,(anonymous_1)
FNDA:21,(anonymous_2)
FNDA:21,(anonymous_3)
FNDA:21,(anonymous_4)
FNDA:21,(anonymous_5)
FNDA:21,(anonymous_6)
DA:1,1
DA:4,1
DA:5,21
DA:6,21
DA:7,21
DA:8,21
DA:9,21
DA:10,21
DA:17,21
LF:9
LH:9
BRDA:5,0,0,0
BRDA:5,0,1,21
BRF:2
BRH:1
end_of_record
TN:
SF:src\components\SearchForm\index.tsx
FN:30,(anonymous_0)
FN:35,(anonymous_1)
FN:39,(anonymous_2)
FN:42,(anonymous_3)
FN:62,(anonymous_4)
FN:94,(anonymous_5)
FNF:6
FNH:3
FNDA:31,(anonymous_0)
FNDA:0,(anonymous_1)
FNDA:2,(anonymous_2)
FNDA:0,(anonymous_3)
FNDA:0,(anonymous_4)
FNDA:93,(anonymous_5)
DA:1,1
DA:3,1
DA:4,1
DA:5,1
DA:9,1
DA:10,1
DA:11,1
DA:12,1
DA:13,1
DA:14,1
DA:30,1
DA:31,31
DA:32,31
DA:33,31
DA:34,31
DA:35,31
DA:36,0
DA:37,0
DA:39,31
DA:40,2
DA:42,31
DA:43,0
DA:44,0
DA:45,0
DA:47,0
DA:50,31
DA:62,31
DA:63,0
DA:64,0
DA:65,0
DA:67,31
DA:95,93
LF:32
LH:23
BRDA:102,0,0,0
BRDA:102,0,1,31
BRDA:108,1,0,31
BRDA:108,1,1,0
BRDA:108,1,2,0
BRF:5
BRH:2
end_of_record
TN:
SF:src\components\SearchForm\styled.ts
FN:9,(anonymous_0)
FN:16,(anonymous_1)
FN:23,(anonymous_2)
FN:24,(anonymous_3)
FN:28,(anonymous_4)
FN:34,(anonymous_5)
FN:35,(anonymous_6)
FN:36,(anonymous_7)
FN:45,(anonymous_8)
FN:47,(anonymous_9)
FN:48,(anonymous_10)
FN:55,(anonymous_11)
FN:56,(anonymous_12)
FN:68,(anonymous_13)
FN:69,(anonymous_14)
FN:70,(anonymous_15)
FN:72,(anonymous_16)
FN:75,(anonymous_17)
FN:86,(anonymous_18)
FN:90,(anonymous_19)
FN:95,(anonymous_20)
FN:110,(anonymous_21)
FN:111,(anonymous_22)
FN:114,(anonymous_23)
FN:132,(anonymous_24)
FN:142,(anonymous_25)
FN:143,(anonymous_26)
FN:144,(anonymous_27)
FN:145,(anonymous_28)
FN:147,(anonymous_29)
FN:149,(anonymous_30)
FN:150,(anonymous_31)
FNF:32
FNH:24
FNDA:31,(anonymous_0)
FNDA:31,(anonymous_1)
FNDA:0,(anonymous_2)
FNDA:0,(anonymous_3)
FNDA:45,(anonymous_4)
FNDA:0,(anonymous_5)
FNDA:0,(anonymous_6)
FNDA:0,(anonymous_7)
FNDA:0,(anonymous_8)
FNDA:0,(anonymous_9)
FNDA:0,(anonymous_10)
FNDA:31,(anonymous_11)
FNDA:31,(anonymous_12)
FNDA:31,(anonymous_13)
FNDA:31,(anonymous_14)
FNDA:31,(anonymous_15)
FNDA:31,(anonymous_16)
FNDA:31,(anonymous_17)
FNDA:31,(anonymous_18)
FNDA:31,(anonymous_19)
FNDA:93,(anonymous_20)
FNDA:31,(anonymous_21)
FNDA:31,(anonymous_22)
FNDA:31,(anonymous_23)
FNDA:31,(anonymous_24)
FNDA:31,(anonymous_25)
FNDA:31,(anonymous_26)
FNDA:31,(anonymous_27)
FNDA:31,(anonymous_28)
FNDA:31,(anonymous_29)
FNDA:31,(anonymous_30)
FNDA:31,(anonymous_31)
DA:1,1
DA:4,1
DA:9,31
DA:15,1
DA:16,31
DA:21,1
DA:23,0
DA:24,0
DA:26,1
DA:28,45
DA:32,1
DA:34,0
DA:35,0
DA:36,0
DA:45,0
DA:47,0
DA:48,0
DA:52,1
DA:55,31
DA:56,31
DA:59,1
DA:68,31
DA:69,31
DA:70,31
DA:72,31
DA:75,31
DA:79,1
DA:85,1
DA:86,31
DA:90,31
DA:93,1
DA:95,93
DA:103,1
DA:110,31
DA:111,31
DA:114,31
DA:118,1
DA:131,1
DA:132,31
DA:142,31
DA:143,31
DA:144,31
DA:145,31
DA:147,31
DA:149,31
DA:150,31
LF:46
LH:38
BRDA:110,0,0,1
BRDA:110,0,1,30
BRF:2
BRH:2
end_of_record
TN:
SF:src\components\SearchResults\index.tsx
FN:18,(anonymous_0)
FN:34,(anonymous_1)
FNF:2
FNH:1
FNDA:21,(anonymous_0)
FNDA:0,(anonymous_1)
DA:1,1
DA:8,1
DA:9,1
DA:14,1
DA:15,1
DA:16,1
DA:17,1
DA:18,1
DA:19,21
DA:20,21
DA:21,21
DA:23,21
DA:45,0
DA:46,0
DA:47,0
DA:48,0
DA:51,0
LF:17
LH:12
BRDA:25,0,0,0
BRDA:25,0,1,21
BRDA:29,1,0,0
BRDA:29,1,1,0
BRDA:31,2,0,0
BRDA:31,2,1,0
BRDA:32,3,0,0
BRDA:32,3,1,0
BRDA:48,4,0,0
BRDA:48,4,1,0
BRF:10
BRH:1
end_of_record
TN:
SF:src\components\SearchResults\styled.ts
FNF:0
FNH:0
DA:1,1
DA:3,1
LF:2
LH:2
BRF:0
BRH:0
end_of_record
TN:
SF:src\components\SmallCardArt\index.tsx
FN:20,(anonymous_0)
FN:36,(anonymous_1)
FN:36,(anonymous_2)
FN:41,(anonymous_3)
FN:41,(anonymous_4)
FN:42,(anonymous_5)
FNF:6
FNH:3
FNDA:81,(anonymous_0)
FNDA:81,(anonymous_1)
FNDA:0,(anonymous_2)
FNDA:81,(anonymous_3)
FNDA:0,(anonymous_4)
FNDA:0,(anonymous_5)
DA:1,1
DA:2,1
DA:3,1
DA:4,1
DA:6,1
DA:7,1
DA:8,1
DA:9,1
DA:10,1
DA:17,1
DA:20,1
DA:32,81
DA:33,81
DA:34,81
DA:35,81
DA:36,81
DA:37,0
DA:38,0
DA:39,0
DA:41,81
DA:42,0
DA:43,0
DA:44,0
DA:45,0
DA:47,0
DA:51,0
DA:54,81
LF:27
LH:18
BRDA:43,0,0,0
BRDA:43,0,1,0
BRDA:74,1,0,81
BRDA:74,1,1,0
BRDA:76,2,0,81
BRDA:76,2,1,0
BRF:6
BRH:2
end_of_record
TN:
SF:src\components\SmallCardArt\styled.ts
FN:4,(anonymous_0)
FN:5,(anonymous_1)
FN:8,(anonymous_2)
FN:9,(anonymous_3)
FN:23,(anonymous_4)
FNF:5
FNH:5
FNDA:81,(anonymous_0)
FNDA:81,(anonymous_1)
FNDA:81,(anonymous_2)
FNDA:81,(anonymous_3)
FNDA:81,(anonymous_4)
DA:1,1
DA:2,1
DA:3,1
DA:4,81
DA:5,81
DA:8,81
DA:9,81
DA:11,1
DA:21,1
DA:23,81
LF:10
LH:10
BRF:0
BRH:0
end_of_record
TN:
SF:src\components\SmallSkeletonLoader\styled.ts
FNF:0
FNH:0
DA:1,1
DA:2,1
DA:3,1
DA:4,1
DA:13,1
LF:5
LH:5
BRF:0
BRH:0
end_of_record
TN:
SF:src\components\SpinLoader\styled.ts
FNF:0
FNH:0
DA:1,1
DA:2,1
DA:11,1
LF:3
LH:3
BRF:0
BRH:0
end_of_record
TN:
SF:src\components\SwitcherPage\constants.ts
FN:5,(anonymous_0)
FNF:1
FNH:1
FNDA:1,(anonymous_0)
DA:1,1
DA:2,1
DA:3,1
DA:4,1
DA:5,1
DA:6,1
DA:7,1
DA:8,1
DA:9,1
DA:12,1
DA:13,1
DA:15,1
DA:16,1
LF:13
LH:13
BRDA:5,0,0,1
BRDA:5,0,1,1
BRF:2
BRH:2
end_of_record
TN:
SF:src\components\SwitcherPage\index.tsx
FN:14,(anonymous_0)
FN:22,(anonymous_1)
FN:28,(anonymous_2)
FN:34,(anonymous_3)
FN:35,(anonymous_4)
FN:36,(anonymous_5)
FN:37,(anonymous_6)
FN:40,(anonymous_7)
FN:46,(anonymous_8)
FN:47,(anonymous_9)
FN:48,(anonymous_10)
FN:49,(anonymous_11)
FNF:12
FNH:1
FNDA:23,(anonymous_0)
FNDA:0,(anonymous_1)
FNDA:0,(anonymous_2)
FNDA:0,(anonymous_3)
FNDA:0,(anonymous_4)
FNDA:0,(anonymous_5)
FNDA:0,(anonymous_6)
FNDA:0,(anonymous_7)
FNDA:0,(anonymous_8)
FNDA:0,(anonymous_9)
FNDA:0,(anonymous_10)
FNDA:0,(anonymous_11)
DA:1,1
DA:2,1
DA:3,1
DA:4,1
DA:5,1
DA:12,1
DA:14,1
DA:15,23
DA:16,23
DA:17,23
DA:18,23
DA:19,23
DA:21,23
DA:22,23
DA:23,0
DA:24,0
DA:25,0
DA:26,0
DA:28,23
DA:29,0
DA:30,0
DA:34,0
DA:35,0
DA:36,0
DA:37,0
DA:40,23
DA:41,0
DA:42,0
DA:46,0
DA:47,0
DA:48,0
DA:49,0
DA:53,23
LF:33
LH:17
BRDA:24,0,0,0
BRDA:24,0,1,0
BRDA:25,1,0,0
BRDA:25,1,1,0
BRDA:30,2,0,0
BRDA:31,3,0,0
BRDA:31,3,1,0
BRDA:42,4,0,0
BRDA:43,5,0,0
BRDA:43,5,1,0
BRF:10
BRH:0
end_of_record
TN:
SF:src\components\SwitcherPage\styled.ts
FN:6,(anonymous_0)
FN:20,(anonymous_1)
FN:26,(anonymous_2)
FN:27,(anonymous_3)
FN:35,(anonymous_4)
FN:37,(anonymous_5)
FN:45,(anonymous_6)
FNF:7
FNH:7
FNDA:23,(anonymous_0)
FNDA:46,(anonymous_1)
FNDA:46,(anonymous_2)
FNDA:46,(anonymous_3)
FNDA:92,(anonymous_4)
FNDA:92,(anonymous_5)
FNDA:92,(anonymous_6)
DA:1,1
DA:4,1
DA:6,23
DA:10,1
DA:20,46
DA:25,1
DA:26,46
DA:28,46
DA:30,1
DA:36,92
DA:38,92
DA:46,92
LF:12
LH:12
BRDA:20,0,0,23
BRDA:20,0,1,23
BRDA:26,1,0,23
BRDA:26,1,1,23
BRDA:28,2,0,23
BRDA:28,2,1,23
BRDA:36,3,0,23
BRDA:36,3,1,69
BRDA:38,4,0,23
BRDA:38,4,1,69
BRDA:46,5,0,23
BRDA:46,5,1,69
BRF:12
BRH:12
end_of_record
TN:
SF:src\components\Title\index.tsx
FN:4,(anonymous_0)
FNF:1
FNH:1
FNDA:11,(anonymous_0)
DA:2,1
DA:4,1
DA:5,11
LF:3
LH:3
BRF:0
BRH:0
end_of_record
TN:
SF:src\components\Title\styled.ts
FN:4,(anonymous_0)
FN:5,(anonymous_1)
FN:6,(anonymous_2)
FN:8,(anonymous_3)
FN:9,(anonymous_4)
FN:11,(anonymous_5)
FN:13,(anonymous_6)
FN:14,(anonymous_7)
FN:15,(anonymous_8)
FN:22,(anonymous_9)
FNF:10
FNH:10
FNDA:14,(anonymous_0)
FNDA:14,(anonymous_1)
FNDA:14,(anonymous_2)
FNDA:14,(anonymous_3)
FNDA:14,(anonymous_4)
FNDA:14,(anonymous_5)
FNDA:14,(anonymous_6)
FNDA:14,(anonymous_7)
FNDA:14,(anonymous_8)
FNDA:14,(anonymous_9)
DA:1,1
DA:2,1
DA:4,14
DA:5,14
DA:6,14
DA:8,14
DA:9,14
DA:11,14
DA:13,14
DA:14,14
DA:15,14
DA:21,1
DA:22,14
DA:24,1
LF:14
LH:14
BRF:0
BRH:0
end_of_record
TN:
SF:src\components\Wrapper\styled.ts
FN:11,(anonymous_0)
FNF:1
FNH:1
FNDA:8,(anonymous_0)
DA:1,1
DA:3,1
DA:11,8
LF:3
LH:3
BRF:0
BRH:0
end_of_record
TN:
SF:src\components\YoursTopic\index.tsx
FN:4,(anonymous_0)
FNF:1
FNH:1
FNDA:25,(anonymous_0)
DA:2,1
DA:4,1
DA:5,25
LF:3
LH:3
BRF:0
BRH:0
end_of_record
TN:
SF:src\components\YoursTopic\styled.ts
FN:5,(anonymous_0)
FN:7,(anonymous_1)
FN:10,(anonymous_2)
FN:11,(anonymous_3)
FN:12,(anonymous_4)
FN:15,(anonymous_5)
FN:16,(anonymous_6)
FN:17,(anonymous_7)
FN:18,(anonymous_8)
FNF:9
FNH:9
FNDA:25,(anonymous_0)
FNDA:25,(anonymous_1)
FNDA:25,(anonymous_2)
FNDA:25,(anonymous_3)
FNDA:25,(anonymous_4)
FNDA:25,(anonymous_5)
FNDA:25,(anonymous_6)
FNDA:25,(anonymous_7)
FNDA:25,(anonymous_8)
DA:1,1
DA:3,1
DA:5,25
DA:7,25
DA:9,1
DA:10,25
DA:11,25
DA:12,25
DA:14,1
DA:15,25
DA:16,25
DA:17,25
DA:18,25
LF:13
LH:13
BRF:0
BRH:0
end_of_record
TN:
SF:src\constants\constants.ts
FNF:0
FNH:0
DA:1,1
DA:2,1
DA:3,1
DA:4,1
LF:4
LH:4
BRF:0
BRH:0
end_of_record
TN:
SF:src\constants\functions.ts
FN:4,(anonymous_0)
FN:9,(anonymous_1)
FN:12,(anonymous_2)
FN:25,(anonymous_3)
FN:26,(anonymous_4)
FN:37,(anonymous_5)
FN:38,(anonymous_6)
FN:39,(anonymous_7)
FN:51,(anonymous_8)
FN:55,(anonymous_9)
FN:57,(anonymous_10)
FN:61,(anonymous_11)
FN:63,(anonymous_12)
FN:76,(anonymous_13)
FNF:14
FNH:6
FNDA:132,(anonymous_0)
FNDA:8,(anonymous_1)
FNDA:0,(anonymous_2)
FNDA:0,(anonymous_3)
FNDA:0,(anonymous_4)
FNDA:0,(anonymous_5)
FNDA:0,(anonymous_6)
FNDA:0,(anonymous_7)
FNDA:12,(anonymous_8)
FNDA:0,(anonymous_9)
FNDA:114,(anonymous_10)
FNDA:0,(anonymous_11)
FNDA:132,(anonymous_12)
FNDA:132,(anonymous_13)
DA:4,1
DA:5,132
DA:6,0
DA:7,132
DA:9,1
DA:10,8
DA:11,8
DA:12,8
DA:13,0
DA:14,0
DA:15,0
DA:18,8
DA:24,1
DA:26,0
DA:27,0
DA:28,0
DA:30,0
DA:31,0
DA:33,0
DA:35,0
DA:37,0
DA:39,0
DA:40,0
DA:41,0
DA:43,0
DA:44,0
DA:46,0
DA:48,0
DA:51,1
DA:55,12
DA:57,1
DA:61,114
DA:63,1
DA:64,132
DA:65,132
DA:66,0
DA:67,0
DA:68,0
DA:69,0
DA:70,0
DA:71,0
DA:73,0
DA:76,1
DA:77,132
DA:78,132
DA:79,132
LF:46
LH:20
BRDA:5,0,0,0
BRDA:14,1,0,0
BRDA:27,2,0,0
BRDA:30,3,0,0
BRDA:40,4,0,0
BRDA:43,5,0,0
BRDA:64,6,0,132
BRDA:64,6,1,0
BRDA:66,7,0,0
BRDA:66,7,1,0
BRDA:68,8,0,0
BRDA:70,9,0,0
BRDA:78,10,0,0
BRDA:78,11,0,132
BRDA:78,11,1,132
BRF:15
BRH:3
end_of_record
TN:
SF:src\store\index.ts
FNF:0
FNH:0
DA:1,1
DA:2,1
DA:4,1
LF:3
LH:3
BRF:0
BRH:0
end_of_record
TN:
SF:src\store\hooks\index.ts
FNF:0
FNH:0
DA:1,1
DA:4,1
DA:5,1
LF:3
LH:3
BRF:0
BRH:0
end_of_record
TN:
SF:src\store\selectors\anotherGallerySelectors.ts
FN:3,(anonymous_0)
FN:5,(anonymous_1)
FN:6,(anonymous_2)
FNF:3
FNH:2
FNDA:60,(anonymous_0)
FNDA:76,(anonymous_1)
FNDA:0,(anonymous_2)
DA:3,1
DA:4,60
DA:5,76
DA:6,1
LF:4
LH:4
BRF:0
BRH:0
end_of_record
TN:
SF:src\store\selectors\currentArtSelectors.ts
FN:3,(anonymous_0)
FNF:1
FNH:0
FNDA:0,(anonymous_0)
DA:3,1
LF:1
LH:1
BRF:0
BRH:0
end_of_record
TN:
SF:src\store\selectors\favArtsSelectors.ts
FN:3,(anonymous_0)
FNF:1
FNH:1
FNDA:374,(anonymous_0)
DA:3,374
LF:1
LH:1
BRF:0
BRH:0
end_of_record
TN:
SF:src\store\selectors\gallerySelectors.ts
FN:3,(anonymous_0)
FN:4,(anonymous_1)
FN:5,(anonymous_2)
FN:6,(anonymous_3)
FNF:4
FNH:3
FNDA:62,(anonymous_0)
FNDA:160,(anonymous_1)
FNDA:78,(anonymous_2)
FNDA:0,(anonymous_3)
DA:3,62
DA:4,160
DA:5,78
DA:6,1
LF:4
LH:4
BRF:0
BRH:0
end_of_record
TN:
SF:src\store\selectors\homeSelectors.ts
FN:3,(anonymous_0)
FNF:1
FNH:1
FNDA:52,(anonymous_0)
DA:3,52
LF:1
LH:1
BRF:0
BRH:0
end_of_record
TN:
SF:src\store\selectors\searchGallerySelectors.ts
FN:3,(anonymous_0)
FN:5,(anonymous_1)
FN:7,(anonymous_2)
FN:8,(anonymous_3)
FNF:4
FNH:3
FNDA:172,(anonymous_0)
FNDA:60,(anonymous_1)
FNDA:76,(anonymous_2)
FNDA:0,(anonymous_3)
DA:3,1
DA:4,172
DA:5,1
DA:6,60
DA:7,76
DA:8,1
LF:6
LH:6
BRF:0
BRH:0
end_of_record
TN:
SF:src\store\slices\anotherGallerySlice.ts
FN:16,(anonymous_0)
FN:20,(anonymous_1)
FN:22,(anonymous_2)
FN:28,(anonymous_3)
FN:33,(anonymous_4)
FNF:5
FNH:3
FNDA:0,(anonymous_0)
FNDA:1,(anonymous_1)
FNDA:11,(anonymous_2)
FNDA:8,(anonymous_3)
FNDA:0,(anonymous_4)
DA:2,1
DA:4,1
DA:6,1
DA:12,1
DA:17,0
DA:21,1
DA:23,11
DA:24,11
DA:29,8
DA:30,8
DA:34,0
DA:35,0
DA:39,1
DA:40,1
LF:14
LH:11
BRF:0
BRH:0
end_of_record
TN:
SF:src\store\slices\currentArtSlice.ts
FN:12,(anonymous_0)
FNF:1
FNH:0
FNDA:0,(anonymous_0)
DA:2,1
DA:5,1
DA:8,1
DA:13,0
DA:17,1
DA:18,1
LF:6
LH:5
BRF:0
BRH:0
end_of_record
TN:
SF:src\store\slices\favArtsSlice.ts
FN:13,(anonymous_0)
FN:16,(anonymous_1)
FN:19,(anonymous_2)
FN:20,(anonymous_3)
FNF:4
FNH:1
FNDA:8,(anonymous_0)
FNDA:0,(anonymous_1)
FNDA:0,(anonymous_2)
FNDA:0,(anonymous_3)
DA:2,1
DA:5,1
DA:9,1
DA:14,8
DA:17,0
DA:20,0
DA:24,1
DA:25,1
LF:8
LH:6
BRF:0
BRH:0
end_of_record
TN:
SF:src\store\slices\gallerySlice.ts
FN:17,(anonymous_0)
FN:20,(anonymous_1)
FN:24,(anonymous_2)
FN:26,(anonymous_3)
FN:30,(anonymous_4)
FN:34,(anonymous_5)
FNF:6
FNH:3
FNDA:0,(anonymous_0)
FNDA:0,(anonymous_1)
FNDA:1,(anonymous_2)
FNDA:11,(anonymous_3)
FNDA:9,(anonymous_4)
FNDA:0,(anonymous_5)
DA:2,1
DA:4,1
DA:6,1
DA:13,1
DA:18,0
DA:21,0
DA:25,1
DA:27,11
DA:28,11
DA:31,9
DA:32,9
DA:35,0
DA:36,0
DA:40,1
DA:41,1
LF:15
LH:11
BRF:0
BRH:0
end_of_record
TN:
SF:src\store\slices\homeSlice.ts
FN:12,(anonymous_0)
FNF:1
FNH:1
FNDA:5,(anonymous_0)
DA:2,1
DA:4,1
DA:8,1
DA:13,5
DA:17,1
DA:18,1
LF:6
LH:6
BRF:0
BRH:0
end_of_record
TN:
SF:src\store\slices\rootSlice.ts
FNF:0
FNH:0
DA:1,1
DA:2,1
DA:3,1
DA:4,1
DA:5,1
DA:6,1
DA:7,1
DA:9,1
LF:8
LH:8
BRF:0
BRH:0
end_of_record
TN:
SF:src\store\slices\searchedGallerySlice.ts
FN:20,(anonymous_0)
FN:23,(anonymous_1)
FN:27,(anonymous_2)
FN:29,(anonymous_3)
FN:35,(anonymous_4)
FN:40,(anonymous_5)
FNF:6
FNH:3
FNDA:0,(anonymous_0)
FNDA:0,(anonymous_1)
FNDA:1,(anonymous_2)
FNDA:11,(anonymous_3)
FNDA:8,(anonymous_4)
FNDA:0,(anonymous_5)
DA:2,1
DA:7,1
DA:9,1
DA:16,1
DA:21,0
DA:24,0
DA:28,1
DA:30,11
DA:31,11
DA:36,8
DA:37,8
DA:41,0
DA:42,0
DA:46,1
DA:47,1
LF:15
LH:11
BRDA:36,0,0,8
BRDA:36,0,1,0
BRF:2
BRH:1
end_of_record
TN:
SF:src\store\thunks\fetchAnotherArts.ts
FN:8,(anonymous_0)
FNF:1
FNH:1
FNDA:11,(anonymous_0)
DA:1,1
DA:3,1
DA:4,1
DA:6,1
DA:9,11
DA:10,11
DA:13,8
DA:15,8
DA:17,0
LF:9
LH:8
BRDA:13,0,0,0
BRF:1
BRH:0
end_of_record
TN:
SF:src\store\thunks\fetchArts.ts
FN:8,(anonymous_0)
FNF:1
FNH:1
FNDA:11,(anonymous_0)
DA:1,1
DA:3,1
DA:4,1
DA:6,1
DA:9,11
DA:10,11
DA:13,9
DA:14,9
DA:16,0
LF:9
LH:8
BRDA:13,0,0,0
BRF:1
BRH:0
end_of_record
TN:
SF:src\store\thunks\fetchResultOfSearch.ts
FN:12,(anonymous_0)
FN:20,(anonymous_1)
FN:25,(anonymous_2)
FNF:3
FNH:0
FNDA:0,(anonymous_0)
FNDA:0,(anonymous_1)
FNDA:0,(anonymous_2)
DA:5,1
DA:6,1
DA:7,1
DA:8,1
DA:10,1
DA:13,0
DA:14,0
DA:19,0
DA:20,0
DA:21,0
DA:23,0
DA:24,0
DA:25,0
DA:27,0
DA:29,0
DA:31,0
LF:16
LH:5
BRDA:19,0,0,0
BRF:1
BRH:0
end_of_record
TN:
SF:src\theme\globalStyle.ts
FNF:0
FNH:0
DA:1,1
DA:3,1
LF:2
LH:2
BRF:0
BRH:0
end_of_record
TN:
SF:src\theme\index.ts
FNF:0
FNH:0
DA:1,1
DA:2,1
LF:2
LH:2
BRF:0
BRH:0
end_of_record
TN:
SF:src\theme\theme.ts
FNF:0
FNH:0
DA:1,1
DA:2,1
DA:3,1
DA:4,1
DA:15,1
DA:16,1
DA:19,1
DA:20,1
DA:21,1
DA:22,1
DA:23,1
DA:24,1
DA:25,1
DA:27,1
LF:14
LH:14
BRF:0
BRH:0
end_of_record
